faet0_001
faet0_002
faet0_003
faet0_004
faet0_005
faet0_006
faet0_007
faet0_008
faet0_009
faet0_010
faet0_011
faet0_012
faet0_013
faet0_014
faet0_015
faet0_016
faet0_017
faet0_018
faet0_019
faet0_020
faet0_022
faet0_023
faet0_024
faet0_025
faet0_026
faet0_027
faet0_028
faet0_030
faet0_031
faet0_032
faet0_033
faet0_034
faet0_035
faet0_036
faet0_037
faet0_039
faet0_040
faet0_041
faet0_042
faet0_043
faet0_044
faet0_045
faet0_046
faet0_047
faet0_048
faet0_049
faet0_050
faet0_051
faet0_052
faet0_053
faet0_055
faet0_056
faet0_057
faet0_058
faet0_059
faet0_060
faet0_061
faet0_063
faet0_064
faet0_065
faet0_067
faet0_068
faet0_069
faet0_070
faet0_071
faet0_072
faet0_073
faet0_074
faet0_075
faet0_076
faet0_077
faet0_078
faet0_082
faet0_083
faet0_084
faet0_086
faet0_087
faet0_088
faet0_089
faet0_090
faet0_091
faet0_092
faet0_093
faet0_094
faet0_095
faet0_097
faet0_098
faet0_099
faet0_100
faet0_101
faet0_102
faet0_104
faet0_105
faet0_106
faet0_107
faet0_108
faet0_109
faet0_110
faet0_111
faet0_112
faet0_113
faet0_114
faet0_115
faet0_116
faet0_117
faet0_118
faet0_119
faet0_120
faet0_121
faet0_122
faet0_123
faet0_124
faet0_125
faet0_126
faet0_127
faet0_128
faet0_129
faet0_130
faet0_131
faet0_133
faet0_134
faet0_135
faet0_136
faet0_137
faet0_139
faet0_141
faet0_142
faet0_145
faet0_146
faet0_147
faet0_148
faet0_149
faet0_150
faet0_151
faet0_152
faet0_153
faet0_154
faet0_156
faet0_157
faet0_158
faet0_159
faet0_160
faet0_161
faet0_164
faet0_165
faet0_166
faet0_168
faet0_171
faet0_172
faet0_174
faet0_175
faet0_176
faet0_177
faet0_178
faet0_179
faet0_180
faet0_181
faet0_182
faet0_183
faet0_184
faet0_185
faet0_186
faet0_187
faet0_188
faet0_189
faet0_190
faet0_191
faet0_192
faet0_193
faet0_194
faet0_195
faet0_196
faet0_197
faet0_198
faet0_199
faet0_200
faet0_201
faet0_202
faet0_203
faet0_204
faet0_205
faet0_206
faet0_208
faet0_209
faet0_210
faet0_211
faet0_212
faet0_213
faet0_214
faet0_215
faet0_217
faet0_218
faet0_219
faet0_220
faet0_221
faet0_222
faet0_223
faet0_227
faet0_228
faet0_229
faet0_230
faet0_232
faet0_233
faet0_234
faet0_235
faet0_237
faet0_238
faet0_239
faet0_240
faet0_241
faet0_242
faet0_244
faet0_245
faet0_246
faet0_247
faet0_248
faet0_249
faet0_250
faet0_251
faet0_253
faet0_254
faet0_255
faet0_256
faet0_257
faet0_258
faet0_259
faet0_260
faet0_261
faet0_262
faet0_263
faet0_264
faet0_265
faet0_266
faet0_267
faet0_268
faet0_269
faet0_270
faet0_271
faet0_272
faet0_273
faet0_274
faet0_275
faet0_276
faet0_277
faet0_278
faet0_279
faet0_280
faet0_281
faet0_282
faet0_283
faet0_284
faet0_285
faet0_286
faet0_287
faet0_288
faet0_289
faet0_290
faet0_292
faet0_293
faet0_294
faet0_295
faet0_296
faet0_298
faet0_299
faet0_300
faet0_301
faet0_302
faet0_303
faet0_304
faet0_305
faet0_306
faet0_308
faet0_309
faet0_310
faet0_311
faet0_312
faet0_313
faet0_314
faet0_315
faet0_316
faet0_318
faet0_319
faet0_320
faet0_321
faet0_322
faet0_323
faet0_324
faet0_325
faet0_326
faet0_327
faet0_328
faet0_329
faet0_330
faet0_331
faet0_332
faet0_333
faet0_334
faet0_335
faet0_337
faet0_339
faet0_340
faet0_341
faet0_342
faet0_343
faet0_344
faet0_345
faet0_346
faet0_347
faet0_349
faet0_350
faet0_351
faet0_352
faet0_355
faet0_356
faet0_357
faet0_358
faet0_359
faet0_360
faet0_361
faet0_362
faet0_363
faet0_364
faet0_365
faet0_366
faet0_367
faet0_368
faet0_370
faet0_372
faet0_373
faet0_374
faet0_375
faet0_377
faet0_378
faet0_379
faet0_380
faet0_382
faet0_383
faet0_384
faet0_385
faet0_386
faet0_387
faet0_388
faet0_389
faet0_390
faet0_392
faet0_393
faet0_394
faet0_395
faet0_396
faet0_397
faet0_398
faet0_399
faet0_400
faet0_401
faet0_402
faet0_403
faet0_404
faet0_405
faet0_406
faet0_407
faet0_408
faet0_409
faet0_410
faet0_411
faet0_412
faet0_413
faet0_414
faet0_415
faet0_416
faet0_417
faet0_418
faet0_419
faet0_420
faet0_421
faet0_422
faet0_423
faet0_424
faet0_425
faet0_426
faet0_427
faet0_428
faet0_429
faet0_430
faet0_431
faet0_432
faet0_433
faet0_434
faet0_437
faet0_438
faet0_439
faet0_440
faet0_441
faet0_442
faet0_443
faet0_444
faet0_445
faet0_446
faet0_447
faet0_448
faet0_449
faet0_450
faet0_451
faet0_452
faet0_453
faet0_454
faet0_455
faet0_456
faet0_457
faet0_458
faet0_459
faet0_460
faet0_461
faet0_462
faet0_463
faet0_464
faet0_465
faet0_466
falh0_001
falh0_002
falh0_003
falh0_004
falh0_005
falh0_006
falh0_007
falh0_008
falh0_009
falh0_010
falh0_011
falh0_012
falh0_013
falh0_014
falh0_015
falh0_016
falh0_017
falh0_018
falh0_019
falh0_020
falh0_021
falh0_022
falh0_023
falh0_024
falh0_025
falh0_026
falh0_027
falh0_028
falh0_029
falh0_030
falh0_031
falh0_032
falh0_033
falh0_034
falh0_035
falh0_036
falh0_037
falh0_038
falh0_039
falh0_040
falh0_041
falh0_042
falh0_043
falh0_044
falh0_045
falh0_046
falh0_047
falh0_048
falh0_049
falh0_050
falh0_051
falh0_052
falh0_053
falh0_054
falh0_055
falh0_056
falh0_057
falh0_058
falh0_059
falh0_060
falh0_061
falh0_062
falh0_063
falh0_064
falh0_065
falh0_066
falh0_067
falh0_068
falh0_069
falh0_070
falh0_071
falh0_072
falh0_073
falh0_074
falh0_075
falh0_076
falh0_077
falh0_078
falh0_079
falh0_080
falh0_081
falh0_082
falh0_083
falh0_084
falh0_085
falh0_086
falh0_087
falh0_088
falh0_089
falh0_090
falh0_091
falh0_092
falh0_093
falh0_094
falh0_095
falh0_096
falh0_097
falh0_098
falh0_099
falh0_100
falh0_101
falh0_102
falh0_103
falh0_104
falh0_105
falh0_106
falh0_107
falh0_108
falh0_109
falh0_110
falh0_111
falh0_112
falh0_113
falh0_114
falh0_115
falh0_116
falh0_118
falh0_119
falh0_120
falh0_121
falh0_122
falh0_124
falh0_125
falh0_126
falh0_127
falh0_128
falh0_129
falh0_130
falh0_131
falh0_132
falh0_133
falh0_134
falh0_135
falh0_136
falh0_137
falh0_138
falh0_139
falh0_140
falh0_141
falh0_142
falh0_143
falh0_144
falh0_145
falh0_146
falh0_147
falh0_148
falh0_149
falh0_150
falh0_151
falh0_152
falh0_154
falh0_155
falh0_156
falh0_157
falh0_158
falh0_159
falh0_160
falh0_161
falh0_162
falh0_163
falh0_164
falh0_165
falh0_166
falh0_167
falh0_168
falh0_169
falh0_170
falh0_171
falh0_172
falh0_173
falh0_174
falh0_175
falh0_176
falh0_177
falh0_178
falh0_179
falh0_180
falh0_181
falh0_182
falh0_183
falh0_184
falh0_185
falh0_186
falh0_187
falh0_188
falh0_189
falh0_190
falh0_191
falh0_192
falh0_193
falh0_194
falh0_195
falh0_196
falh0_197
falh0_198
falh0_199
falh0_200
falh0_201
falh0_202
falh0_203
falh0_204
falh0_205
falh0_206
falh0_207
falh0_208
falh0_209
falh0_210
falh0_211
falh0_212
falh0_213
falh0_214
falh0_215
falh0_216
falh0_217
falh0_218
falh0_219
falh0_220
falh0_221
falh0_222
falh0_223
falh0_224
falh0_225
falh0_226
falh0_227
falh0_228
falh0_229
falh0_230
falh0_231
falh0_232
falh0_233
falh0_234
falh0_235
falh0_236
falh0_237
falh0_238
falh0_239
falh0_240
falh0_241
falh0_242
falh0_243
falh0_244
falh0_245
falh0_246
falh0_247
falh0_248
falh0_249
falh0_250
falh0_251
falh0_252
falh0_253
falh0_254
falh0_255
falh0_256
falh0_257
falh0_258
falh0_259
falh0_260
falh0_261
falh0_262
falh0_263
falh0_264
falh0_265
falh0_266
falh0_267
falh0_268
falh0_269
falh0_270
falh0_271
falh0_272
falh0_273
falh0_274
falh0_275
falh0_276
falh0_277
falh0_278
falh0_279
falh0_280
falh0_281
falh0_282
falh0_283
falh0_284
falh0_285
falh0_286
falh0_287
falh0_288
falh0_289
falh0_290
falh0_291
falh0_292
falh0_293
falh0_294
falh0_295
falh0_296
falh0_297
falh0_298
falh0_299
falh0_300
falh0_301
falh0_302
falh0_303
falh0_304
falh0_305
falh0_306
falh0_307
falh0_308
falh0_309
falh0_310
falh0_311
falh0_312
falh0_313
falh0_314
falh0_315
falh0_316
falh0_317
falh0_318
falh0_319
falh0_320
falh0_321
falh0_322
falh0_323
falh0_324
falh0_325
falh0_326
falh0_327
falh0_328
falh0_329
falh0_330
falh0_331
falh0_332
falh0_333
falh0_334
falh0_335
falh0_336
falh0_337
falh0_338
falh0_339
falh0_340
falh0_341
falh0_342
falh0_343
falh0_344
falh0_345
falh0_346
falh0_347
falh0_348
falh0_349
falh0_350
falh0_351
falh0_353
falh0_354
falh0_355
falh0_356
falh0_357
falh0_358
falh0_359
falh0_360
falh0_361
falh0_362
falh0_363
falh0_364
falh0_365
falh0_366
falh0_367
falh0_368
falh0_369
falh0_370
falh0_371
falh0_372
falh0_373
falh0_374
falh0_375
falh0_376
falh0_377
falh0_378
falh0_379
falh0_380
falh0_381
falh0_382
falh0_383
falh0_384
falh0_385
falh0_386
falh0_387
falh0_388
falh0_389
falh0_390
falh0_391
falh0_392
falh0_393
falh0_394
falh0_395
falh0_396
falh0_398
falh0_399
falh0_400
falh0_401
falh0_402
falh0_403
falh0_404
falh0_405
falh0_406
falh0_407
falh0_408
falh0_409
falh0_410
falh0_411
falh0_412
falh0_413
falh0_414
falh0_415
falh0_416
falh0_417
falh0_418
falh0_419
falh0_420
falh0_421
falh0_422
falh0_423
falh0_424
falh0_425
falh0_426
falh0_427
falh0_428
falh0_429
falh0_430
falh0_431
falh0_432
falh0_433
falh0_435
falh0_436
falh0_437
falh0_438
falh0_439
falh0_440
falh0_441
falh0_442
falh0_443
falh0_444
falh0_445
falh0_446
falh0_447
falh0_448
falh0_449
falh0_450
falh0_451
falh0_452
falh0_453
falh0_454
falh0_455
falh0_456
falh0_457
falh0_458
falh0_459
falh0_460
falh0_461
falh0_462
falh0_463
falh0_464
falh0_465
ffes0_001
ffes0_002
ffes0_003
ffes0_004
ffes0_005
ffes0_006
ffes0_007
ffes0_008
ffes0_009
ffes0_010
ffes0_011
ffes0_012
ffes0_013
ffes0_014
ffes0_015
ffes0_016
ffes0_017
ffes0_018
ffes0_019
ffes0_020
ffes0_021
ffes0_022
ffes0_023
ffes0_024
ffes0_025
ffes0_026
ffes0_027
ffes0_028
ffes0_029
ffes0_030
ffes0_031
ffes0_032
ffes0_033
ffes0_034
ffes0_035
ffes0_036
ffes0_037
ffes0_038
ffes0_039
ffes0_040
ffes0_041
ffes0_042
ffes0_043
ffes0_044
ffes0_045
ffes0_046
ffes0_047
ffes0_048
ffes0_049
ffes0_050
ffes0_051
ffes0_052
ffes0_053
ffes0_054
ffes0_055
ffes0_056
ffes0_057
ffes0_058
ffes0_059
ffes0_060
ffes0_061
ffes0_062
ffes0_063
ffes0_064
ffes0_065
ffes0_066
ffes0_067
ffes0_068
ffes0_069
ffes0_070
ffes0_071
ffes0_072
ffes0_073
ffes0_074
ffes0_075
ffes0_076
ffes0_077
ffes0_078
ffes0_079
ffes0_080
ffes0_081
ffes0_082
ffes0_083
ffes0_084
ffes0_085
ffes0_086
ffes0_087
ffes0_088
ffes0_089
ffes0_090
ffes0_091
ffes0_092
ffes0_093
ffes0_094
ffes0_095
ffes0_096
ffes0_097
ffes0_098
ffes0_099
ffes0_100
ffes0_101
ffes0_102
ffes0_103
ffes0_104
ffes0_105
ffes0_106
ffes0_107
ffes0_108
ffes0_109
ffes0_110
ffes0_111
ffes0_112
ffes0_113
ffes0_114
ffes0_115
ffes0_116
ffes0_117
ffes0_118
ffes0_119
ffes0_120
ffes0_121
ffes0_122
ffes0_123
ffes0_124
ffes0_125
ffes0_126
ffes0_127
ffes0_128
ffes0_129
ffes0_130
ffes0_131
ffes0_132
ffes0_133
ffes0_134
ffes0_135
ffes0_136
ffes0_137
ffes0_138
ffes0_139
ffes0_140
ffes0_141
ffes0_142
ffes0_143
ffes0_144
ffes0_145
ffes0_146
ffes0_147
ffes0_148
ffes0_149
ffes0_150
ffes0_151
ffes0_152
ffes0_153
ffes0_154
ffes0_155
ffes0_156
ffes0_157
ffes0_158
ffes0_159
ffes0_160
ffes0_161
ffes0_162
ffes0_163
ffes0_164
ffes0_165
ffes0_166
ffes0_167
ffes0_168
ffes0_169
ffes0_170
ffes0_171
ffes0_172
ffes0_173
ffes0_174
ffes0_175
ffes0_176
ffes0_177
ffes0_178
ffes0_179
ffes0_180
ffes0_181
ffes0_182
ffes0_183
ffes0_184
ffes0_185
ffes0_186
ffes0_187
ffes0_188
ffes0_189
ffes0_190
ffes0_191
ffes0_192
ffes0_193
ffes0_194
ffes0_195
ffes0_196
ffes0_197
ffes0_198
ffes0_199
ffes0_200
ffes0_201
ffes0_202
ffes0_203
ffes0_204
ffes0_205
ffes0_206
ffes0_207
ffes0_208
ffes0_209
ffes0_210
ffes0_211
ffes0_212
ffes0_213
ffes0_214
ffes0_215
ffes0_216
ffes0_217
ffes0_218
ffes0_219
ffes0_220
ffes0_221
ffes0_222
ffes0_223
ffes0_224
ffes0_225
ffes0_226
ffes0_227
ffes0_228
ffes0_230
ffes0_231
ffes0_235
ffes0_236
ffes0_237
ffes0_238
ffes0_239
ffes0_240
ffes0_241
ffes0_242
ffes0_243
ffes0_244
ffes0_245
ffes0_246
ffes0_247
ffes0_248
ffes0_250
ffes0_251
ffes0_252
ffes0_253
ffes0_254
ffes0_255
ffes0_256
ffes0_258
ffes0_259
ffes0_260
ffes0_261
ffes0_262
ffes0_263
ffes0_264
ffes0_265
ffes0_266
ffes0_268
ffes0_269
ffes0_271
ffes0_272
ffes0_273
ffes0_274
ffes0_275
ffes0_276
ffes0_277
ffes0_278
ffes0_280
ffes0_282
ffes0_283
ffes0_285
ffes0_286
ffes0_287
ffes0_288
ffes0_289
ffes0_290
ffes0_291
ffes0_292
ffes0_293
ffes0_294
ffes0_295
ffes0_296
ffes0_297
ffes0_298
ffes0_299
ffes0_300
ffes0_301
ffes0_302
ffes0_303
ffes0_304
ffes0_305
ffes0_306
ffes0_307
ffes0_308
ffes0_309
ffes0_310
ffes0_311
ffes0_312
ffes0_313
ffes0_314
ffes0_315
ffes0_316
ffes0_317
ffes0_318
ffes0_319
ffes0_320
ffes0_321
ffes0_322
ffes0_324
ffes0_325
ffes0_326
ffes0_328
ffes0_330
ffes0_331
ffes0_332
ffes0_333
ffes0_334
ffes0_335
ffes0_336
ffes0_337
ffes0_338
ffes0_340
ffes0_341
ffes0_342
ffes0_343
ffes0_344
ffes0_345
ffes0_346
ffes0_347
ffes0_349
ffes0_350
ffes0_351
ffes0_353
ffes0_354
ffes0_355
ffes0_356
ffes0_357
ffes0_358
ffes0_359
ffes0_360
ffes0_361
ffes0_362
ffes0_363
ffes0_364
ffes0_365
ffes0_366
ffes0_367
ffes0_368
ffes0_369
ffes0_370
ffes0_371
ffes0_372
ffes0_373
ffes0_374
ffes0_375
ffes0_376
ffes0_377
ffes0_378
ffes0_379
ffes0_380
ffes0_381
ffes0_382
ffes0_383
ffes0_384
ffes0_385
ffes0_386
ffes0_387
ffes0_388
ffes0_389
ffes0_390
ffes0_391
ffes0_392
ffes0_393
ffes0_394
ffes0_395
ffes0_396
ffes0_397
ffes0_398
ffes0_399
ffes0_400
ffes0_401
ffes0_402
ffes0_403
ffes0_404
ffes0_405
ffes0_406
ffes0_407
ffes0_408
ffes0_409
ffes0_410
ffes0_411
ffes0_412
ffes0_413
ffes0_414
ffes0_415
ffes0_416
ffes0_417
ffes0_418
ffes0_419
ffes0_420
ffes0_421
ffes0_422
ffes0_423
ffes0_424
ffes0_425
ffes0_426
ffes0_427
ffes0_428
ffes0_429
ffes0_430
ffes0_431
ffes0_432
ffes0_433
ffes0_434
ffes0_435
ffes0_436
ffes0_437
ffes0_438
ffes0_439
ffes0_440
ffes0_441
ffes0_442
ffes0_443
ffes0_444
ffes0_445
ffes0_446
ffes0_447
ffes0_448
ffes0_450
ffes0_451
ffes0_452
ffes0_453
ffes0_454
ffes0_455
ffes0_456
ffes0_457
ffes0_458
ffes0_459
ffes0_460
fjmw0_001
fjmw0_002
fjmw0_003
fjmw0_004
fjmw0_005
fjmw0_006
fjmw0_007
fjmw0_008
fjmw0_009
fjmw0_010
fjmw0_011
fjmw0_012
fjmw0_013
fjmw0_014
fjmw0_015
fjmw0_016
fjmw0_017
fjmw0_018
fjmw0_019
fjmw0_020
fjmw0_021
fjmw0_022
fjmw0_023
fjmw0_024
fjmw0_025
fjmw0_026
fjmw0_027
fjmw0_028
fjmw0_029
fjmw0_030
fjmw0_032
fjmw0_033
fjmw0_034
fjmw0_035
fjmw0_036
fjmw0_037
fjmw0_038
fjmw0_039
fjmw0_040
fjmw0_041
fjmw0_042
fjmw0_043
fjmw0_044
fjmw0_045
fjmw0_046
fjmw0_047
fjmw0_048
fjmw0_049
fjmw0_050
fjmw0_051
fjmw0_052
fjmw0_053
fjmw0_054
fjmw0_055
fjmw0_056
fjmw0_057
fjmw0_058
fjmw0_059
fjmw0_061
fjmw0_062
fjmw0_063
fjmw0_064
fjmw0_065
fjmw0_066
fjmw0_067
fjmw0_068
fjmw0_069
fjmw0_070
fjmw0_071
fjmw0_072
fjmw0_073
fjmw0_074
fjmw0_075
fjmw0_076
fjmw0_077
fjmw0_078
fjmw0_079
fjmw0_080
fjmw0_082
fjmw0_083
fjmw0_084
fjmw0_085
fjmw0_086
fjmw0_087
fjmw0_088
fjmw0_089
fjmw0_090
fjmw0_091
fjmw0_092
fjmw0_093
fjmw0_094
fjmw0_095
fjmw0_096
fjmw0_097
fjmw0_098
fjmw0_099
fjmw0_100
fjmw0_101
fjmw0_102
fjmw0_103
fjmw0_104
fjmw0_105
fjmw0_106
fjmw0_107
fjmw0_108
fjmw0_109
fjmw0_111
fjmw0_112
fjmw0_113
fjmw0_114
fjmw0_115
fjmw0_116
fjmw0_117
fjmw0_118
fjmw0_119
fjmw0_120
fjmw0_121
fjmw0_122
fjmw0_123
fjmw0_124
fjmw0_125
fjmw0_126
fjmw0_127
fjmw0_128
fjmw0_129
fjmw0_130
fjmw0_131
fjmw0_132
fjmw0_133
fjmw0_134
fjmw0_135
fjmw0_136
fjmw0_137
fjmw0_138
fjmw0_139
fjmw0_140
fjmw0_141
fjmw0_142
fjmw0_144
fjmw0_145
fjmw0_146
fjmw0_147
fjmw0_148
fjmw0_149
fjmw0_150
fjmw0_151
fjmw0_152
fjmw0_153
fjmw0_154
fjmw0_155
fjmw0_156
fjmw0_157
fjmw0_158
fjmw0_159
fjmw0_160
fjmw0_161
fjmw0_162
fjmw0_163
fjmw0_164
fjmw0_165
fjmw0_166
fjmw0_167
fjmw0_168
fjmw0_169
fjmw0_170
fjmw0_171
fjmw0_172
fjmw0_173
fjmw0_174
fjmw0_175
fjmw0_176
fjmw0_177
fjmw0_178
fjmw0_179
fjmw0_180
fjmw0_181
fjmw0_182
fjmw0_183
fjmw0_184
fjmw0_185
fjmw0_186
fjmw0_187
fjmw0_188
fjmw0_189
fjmw0_190
fjmw0_191
fjmw0_192
fjmw0_193
fjmw0_194
fjmw0_195
fjmw0_196
fjmw0_197
fjmw0_198
fjmw0_199
fjmw0_200
fjmw0_201
fjmw0_202
fjmw0_203
fjmw0_204
fjmw0_205
fjmw0_206
fjmw0_207
fjmw0_208
fjmw0_209
fjmw0_210
fjmw0_211
fjmw0_212
fjmw0_213
fjmw0_214
fjmw0_215
fjmw0_216
fjmw0_217
fjmw0_218
fjmw0_219
fjmw0_220
fjmw0_221
fjmw0_222
fjmw0_223
fjmw0_224
fjmw0_225
fjmw0_226
fjmw0_227
fjmw0_228
fjmw0_229
fjmw0_230
fjmw0_231
fjmw0_232
fjmw0_233
fjmw0_234
fjmw0_235
fjmw0_236
fjmw0_237
fjmw0_238
fjmw0_239
fjmw0_240
fjmw0_241
fjmw0_242
fjmw0_243
fjmw0_244
fjmw0_245
fjmw0_246
fjmw0_247
fjmw0_248
fjmw0_249
fjmw0_250
fjmw0_251
fjmw0_252
fjmw0_253
fjmw0_254
fjmw0_255
fjmw0_256
fjmw0_257
fjmw0_258
fjmw0_259
fjmw0_260
fjmw0_261
fjmw0_262
fjmw0_263
fjmw0_264
fjmw0_265
fjmw0_266
fjmw0_267
fjmw0_268
fjmw0_269
fjmw0_270
fjmw0_271
fjmw0_272
fjmw0_273
fjmw0_274
fjmw0_275
fjmw0_276
fjmw0_277
fjmw0_278
fjmw0_279
fjmw0_280
fjmw0_281
fjmw0_282
fjmw0_283
fjmw0_284
fjmw0_285
fjmw0_286
fjmw0_287
fjmw0_288
fjmw0_289
fjmw0_290
fjmw0_291
fjmw0_292
fjmw0_293
fjmw0_294
fjmw0_295
fjmw0_296
fjmw0_297
fjmw0_298
fjmw0_299
fjmw0_300
fjmw0_301
fjmw0_302
fjmw0_303
fjmw0_304
fjmw0_305
fjmw0_306
fjmw0_307
fjmw0_308
fjmw0_309
fjmw0_310
fjmw0_311
fjmw0_312
fjmw0_313
fjmw0_314
fjmw0_315
fjmw0_316
fjmw0_317
fjmw0_318
fjmw0_319
fjmw0_320
fjmw0_321
fjmw0_322
fjmw0_323
fjmw0_324
fjmw0_325
fjmw0_326
fjmw0_327
fjmw0_328
fjmw0_329
fjmw0_330
fjmw0_331
fjmw0_332
fjmw0_333
fjmw0_334
fjmw0_335
fjmw0_336
fjmw0_337
fjmw0_338
fjmw0_339
fjmw0_340
fjmw0_341
fjmw0_342
fjmw0_343
fjmw0_344
fjmw0_345
fjmw0_346
fjmw0_347
fjmw0_348
fjmw0_349
fjmw0_350
fjmw0_351
fjmw0_352
fjmw0_353
fjmw0_354
fjmw0_355
fjmw0_356
fjmw0_357
fjmw0_358
fjmw0_359
fjmw0_360
fjmw0_361
fjmw0_362
fjmw0_363
fjmw0_364
fjmw0_365
fjmw0_366
fjmw0_367
fjmw0_368
fjmw0_369
fjmw0_370
fjmw0_371
fjmw0_372
fjmw0_373
fjmw0_374
fjmw0_375
fjmw0_376
fjmw0_377
fjmw0_378
fjmw0_379
fjmw0_380
fjmw0_381
fjmw0_382
fjmw0_383
fjmw0_384
fjmw0_385
fjmw0_386
fjmw0_387
fjmw0_388
fjmw0_389
fjmw0_390
fjmw0_391
fjmw0_392
fjmw0_393
fjmw0_394
fjmw0_395
fjmw0_396
fjmw0_397
fjmw0_398
fjmw0_399
fjmw0_400
fjmw0_401
fjmw0_402
fjmw0_403
fjmw0_404
fjmw0_405
fjmw0_406
fjmw0_407
fjmw0_408
fjmw0_409
fjmw0_410
fjmw0_411
fjmw0_412
fjmw0_413
fjmw0_414
fjmw0_415
fjmw0_416
fjmw0_417
fjmw0_418
fjmw0_419
fjmw0_420
fjmw0_421
fjmw0_422
fjmw0_423
fjmw0_424
fjmw0_425
fjmw0_426
fjmw0_427
fjmw0_428
fjmw0_429
fjmw0_430
fjmw0_431
fjmw0_432
fjmw0_433
fjmw0_434
fjmw0_435
fjmw0_436
fjmw0_437
fjmw0_438
fjmw0_439
fjmw0_440
fjmw0_441
fjmw0_442
fjmw0_443
fjmw0_444
fjmw0_445
fjmw0_446
fjmw0_447
fjmw0_448
fjmw0_449
fjmw0_450
fjmw0_451
fjmw0_452
fjmw0_453
fjmw0_454
fjmw0_455
fjmw0_456
fjmw0_457
fjmw0_458
fjmw0_459
fjmw0_460
fsew0_001
fsew0_002
fsew0_003
fsew0_004
fsew0_005
fsew0_006
fsew0_007
fsew0_008
fsew0_010
fsew0_011
fsew0_012
fsew0_013
fsew0_014
fsew0_015
fsew0_016
fsew0_017
fsew0_018
fsew0_019
fsew0_020
fsew0_021
fsew0_022
fsew0_023
fsew0_024
fsew0_025
fsew0_026
fsew0_028
fsew0_029
fsew0_030
fsew0_031
fsew0_032
fsew0_033
fsew0_034
fsew0_036
fsew0_037
fsew0_038
fsew0_039
fsew0_040
fsew0_041
fsew0_042
fsew0_044
fsew0_045
fsew0_046
fsew0_047
fsew0_048
fsew0_049
fsew0_050
fsew0_051
fsew0_052
fsew0_053
fsew0_054
fsew0_055
fsew0_056
fsew0_057
fsew0_058
fsew0_059
fsew0_060
fsew0_061
fsew0_062
fsew0_063
fsew0_064
fsew0_065
fsew0_066
fsew0_067
fsew0_068
fsew0_069
fsew0_070
fsew0_071
fsew0_072
fsew0_073
fsew0_074
fsew0_075
fsew0_076
fsew0_077
fsew0_078
fsew0_079
fsew0_080
fsew0_081
fsew0_082
fsew0_083
fsew0_084
fsew0_085
fsew0_086
fsew0_087
fsew0_088
fsew0_089
fsew0_090
fsew0_091
fsew0_092
fsew0_093
fsew0_094
fsew0_095
fsew0_096
fsew0_097
fsew0_098
fsew0_099
fsew0_100
fsew0_101
fsew0_102
fsew0_103
fsew0_104
fsew0_105
fsew0_106
fsew0_107
fsew0_108
fsew0_109
fsew0_110
fsew0_111
fsew0_112
fsew0_113
fsew0_114
fsew0_115
fsew0_116
fsew0_117
fsew0_118
fsew0_119
fsew0_120
fsew0_121
fsew0_122
fsew0_123
fsew0_124
fsew0_125
fsew0_126
fsew0_127
fsew0_128
fsew0_129
fsew0_131
fsew0_132
fsew0_133
fsew0_134
fsew0_135
fsew0_136
fsew0_137
fsew0_138
fsew0_139
fsew0_140
fsew0_142
fsew0_143
fsew0_144
fsew0_145
fsew0_146
fsew0_147
fsew0_148
fsew0_150
fsew0_152
fsew0_153
fsew0_154
fsew0_156
fsew0_157
fsew0_158
fsew0_159
fsew0_161
fsew0_162
fsew0_163
fsew0_165
fsew0_166
fsew0_167
fsew0_168
fsew0_169
fsew0_170
fsew0_172
fsew0_173
fsew0_174
fsew0_175
fsew0_176
fsew0_177
fsew0_178
fsew0_179
fsew0_180
fsew0_181
fsew0_182
fsew0_183
fsew0_184
fsew0_185
fsew0_186
fsew0_187
fsew0_188
fsew0_189
fsew0_191
fsew0_192
fsew0_193
fsew0_194
fsew0_195
fsew0_197
fsew0_198
fsew0_199
fsew0_200
fsew0_201
fsew0_202
fsew0_203
fsew0_204
fsew0_206
fsew0_207
fsew0_208
fsew0_209
fsew0_210
fsew0_211
fsew0_212
fsew0_213
fsew0_214
fsew0_215
fsew0_216
fsew0_217
fsew0_219
fsew0_221
fsew0_222
fsew0_223
fsew0_224
fsew0_225
fsew0_226
fsew0_227
fsew0_228
fsew0_229
fsew0_230
fsew0_231
fsew0_232
fsew0_233
fsew0_234
fsew0_235
fsew0_236
fsew0_237
fsew0_239
fsew0_240
fsew0_241
fsew0_242
fsew0_243
fsew0_244
fsew0_245
fsew0_246
fsew0_247
fsew0_248
fsew0_249
fsew0_250
fsew0_251
fsew0_252
fsew0_253
fsew0_254
fsew0_255
fsew0_256
fsew0_257
fsew0_258
fsew0_259
fsew0_260
fsew0_261
fsew0_262
fsew0_263
fsew0_264
fsew0_265
fsew0_266
fsew0_267
fsew0_268
fsew0_269
fsew0_270
fsew0_271
fsew0_272
fsew0_273
fsew0_274
fsew0_275
fsew0_276
fsew0_278
fsew0_279
fsew0_282
fsew0_285
fsew0_286
fsew0_287
fsew0_289
fsew0_291
fsew0_292
fsew0_293
fsew0_294
fsew0_297
fsew0_298
fsew0_299
fsew0_300
fsew0_301
fsew0_302
fsew0_306
fsew0_307
fsew0_308
fsew0_309
fsew0_310
fsew0_311
fsew0_312
fsew0_313
fsew0_314
fsew0_315
fsew0_316
fsew0_318
fsew0_319
fsew0_320
fsew0_322
fsew0_323
fsew0_324
fsew0_325
fsew0_326
fsew0_328
fsew0_329
fsew0_330
fsew0_332
fsew0_333
fsew0_334
fsew0_335
fsew0_336
fsew0_337
fsew0_338
fsew0_339
fsew0_340
fsew0_341
fsew0_343
fsew0_344
fsew0_345
fsew0_346
fsew0_347
fsew0_348
fsew0_350
fsew0_351
fsew0_352
fsew0_354
fsew0_355
fsew0_356
fsew0_357
fsew0_358
fsew0_359
fsew0_360
fsew0_361
fsew0_362
fsew0_364
fsew0_365
fsew0_366
fsew0_367
fsew0_368
fsew0_369
fsew0_370
fsew0_373
fsew0_374
fsew0_375
fsew0_376
fsew0_377
fsew0_378
fsew0_379
fsew0_380
fsew0_381
fsew0_382
fsew0_383
fsew0_384
fsew0_385
fsew0_386
fsew0_387
fsew0_388
fsew0_389
fsew0_390
fsew0_391
fsew0_392
fsew0_393
fsew0_394
fsew0_395
fsew0_396
fsew0_398
fsew0_399
fsew0_400
fsew0_401
fsew0_402
fsew0_403
fsew0_404
fsew0_405
fsew0_406
fsew0_407
fsew0_410
fsew0_411
fsew0_412
fsew0_413
fsew0_414
fsew0_415
fsew0_416
fsew0_417
fsew0_418
fsew0_419
fsew0_420
fsew0_422
fsew0_423
fsew0_424
fsew0_425
fsew0_427
fsew0_428
fsew0_430
fsew0_431
fsew0_432
fsew0_435
fsew0_436
fsew0_438
fsew0_440
fsew0_441
fsew0_443
fsew0_444
fsew0_445
fsew0_446
fsew0_447
fsew0_448
fsew0_449
fsew0_450
fsew0_451
fsew0_452
fsew0_453
fsew0_454
fsew0_455
fsew0_456
fsew0_457
fsew0_458
maps0_003
maps0_004
maps0_005
maps0_006
maps0_007
maps0_009
maps0_010
maps0_011
maps0_012
maps0_015
maps0_018
maps0_020
maps0_021
maps0_022
maps0_023
maps0_024
maps0_025
maps0_026
maps0_027
maps0_028
maps0_029
maps0_030
maps0_031
maps0_032
maps0_034
maps0_036
maps0_037
maps0_038
maps0_039
maps0_041
maps0_042
maps0_044
maps0_048
maps0_049
maps0_053
maps0_054
maps0_055
maps0_056
maps0_057
maps0_058
maps0_059
maps0_061
maps0_062
maps0_063
maps0_064
maps0_065
maps0_068
maps0_069
maps0_071
maps0_072
maps0_076
maps0_077
maps0_078
maps0_079
maps0_080
maps0_082
maps0_083
maps0_084
maps0_085
maps0_086
maps0_087
maps0_088
maps0_090
maps0_091
maps0_092
maps0_094
maps0_095
maps0_096
maps0_097
maps0_098
maps0_099
maps0_101
maps0_102
maps0_105
maps0_106
maps0_108
maps0_109
maps0_111
maps0_112
maps0_113
maps0_115
maps0_116
maps0_117
maps0_118
maps0_119
maps0_120
maps0_121
maps0_122
maps0_123
maps0_124
maps0_125
maps0_126
maps0_127
maps0_128
maps0_129
maps0_130
maps0_131
maps0_132
maps0_133
maps0_134
maps0_135
maps0_136
maps0_137
maps0_138
maps0_139
maps0_140
maps0_141
maps0_142
maps0_143
maps0_144
maps0_145
maps0_146
maps0_147
maps0_148
maps0_149
maps0_150
maps0_151
maps0_152
maps0_153
maps0_154
maps0_155
maps0_156
maps0_157
maps0_159
maps0_160
maps0_161
maps0_162
maps0_163
maps0_164
maps0_165
maps0_166
maps0_167
maps0_168
maps0_169
maps0_170
maps0_172
maps0_173
maps0_174
maps0_175
maps0_176
maps0_177
maps0_178
maps0_179
maps0_180
maps0_181
maps0_182
maps0_183
maps0_185
maps0_186
maps0_187
maps0_189
maps0_190
maps0_191
maps0_192
maps0_193
maps0_194
maps0_195
maps0_196
maps0_197
maps0_198
maps0_199
maps0_200
maps0_202
maps0_203
maps0_204
maps0_205
maps0_206
maps0_210
maps0_212
maps0_213
maps0_214
maps0_216
maps0_217
maps0_218
maps0_219
maps0_220
maps0_221
maps0_223
maps0_224
maps0_225
maps0_226
maps0_227
maps0_228
maps0_229
maps0_231
maps0_233
maps0_234
maps0_236
maps0_237
maps0_238
maps0_239
maps0_241
maps0_242
maps0_243
maps0_245
maps0_246
maps0_249
maps0_250
maps0_252
maps0_253
maps0_254
maps0_255
maps0_256
maps0_258
maps0_259
maps0_260
maps0_261
maps0_262
maps0_264
maps0_265
maps0_271
maps0_274
maps0_275
maps0_276
maps0_278
maps0_279
maps0_282
maps0_284
maps0_285
maps0_286
maps0_287
maps0_289
maps0_290
maps0_291
maps0_292
maps0_293
maps0_294
maps0_295
maps0_296
maps0_297
maps0_299
maps0_300
maps0_301
maps0_302
maps0_303
maps0_304
maps0_305
maps0_307
maps0_309
maps0_310
maps0_311
maps0_312
maps0_313
maps0_314
maps0_315
maps0_317
maps0_318
maps0_320
maps0_321
maps0_322
maps0_323
maps0_324
maps0_325
maps0_327
maps0_330
maps0_331
maps0_332
maps0_334
maps0_335
maps0_336
maps0_337
maps0_338
maps0_340
maps0_341
maps0_343
maps0_344
maps0_345
maps0_346
maps0_347
maps0_348
maps0_349
maps0_351
maps0_352
maps0_353
maps0_354
maps0_355
maps0_356
maps0_357
maps0_358
maps0_359
maps0_360
maps0_361
maps0_367
maps0_368
maps0_369
maps0_370
maps0_372
maps0_373
maps0_374
maps0_375
maps0_376
maps0_377
maps0_378
maps0_379
maps0_380
maps0_381
maps0_385
maps0_386
maps0_387
maps0_388
maps0_389
maps0_390
maps0_394
maps0_398
maps0_399
maps0_400
maps0_403
maps0_404
maps0_406
maps0_407
maps0_415
maps0_416
maps0_417
maps0_418
maps0_420
maps0_421
maps0_423
maps0_424
maps0_427
maps0_428
maps0_429
maps0_436
maps0_438
maps0_439
maps0_444
maps0_445
maps0_446
maps0_447
maps0_448
maps0_449
maps0_451
maps0_455
maps0_457
maps0_459
maps0_460
mjjn0_001
mjjn0_002
mjjn0_003
mjjn0_004
mjjn0_005
mjjn0_006
mjjn0_007
mjjn0_008
mjjn0_009
mjjn0_010
mjjn0_011
mjjn0_012
mjjn0_013
mjjn0_014
mjjn0_015
mjjn0_016
mjjn0_017
mjjn0_018
mjjn0_019
mjjn0_020
mjjn0_021
mjjn0_022
mjjn0_023
mjjn0_024
mjjn0_025
mjjn0_026
mjjn0_027
mjjn0_028
mjjn0_029
mjjn0_030
mjjn0_031
mjjn0_032
mjjn0_033
mjjn0_034
mjjn0_035
mjjn0_036
mjjn0_037
mjjn0_039
mjjn0_040
mjjn0_041
mjjn0_042
mjjn0_043
mjjn0_044
mjjn0_045
mjjn0_046
mjjn0_047
mjjn0_048
mjjn0_049
mjjn0_050
mjjn0_051
mjjn0_052
mjjn0_053
mjjn0_054
mjjn0_055
mjjn0_056
mjjn0_057
mjjn0_058
mjjn0_059
mjjn0_060
mjjn0_061
mjjn0_062
mjjn0_063
mjjn0_064
mjjn0_065
mjjn0_066
mjjn0_067
mjjn0_068
mjjn0_069
mjjn0_070
mjjn0_071
mjjn0_072
mjjn0_073
mjjn0_074
mjjn0_075
mjjn0_076
mjjn0_077
mjjn0_078
mjjn0_079
mjjn0_080
mjjn0_081
mjjn0_082
mjjn0_083
mjjn0_084
mjjn0_085
mjjn0_086
mjjn0_087
mjjn0_088
mjjn0_089
mjjn0_090
mjjn0_091
mjjn0_092
mjjn0_093
mjjn0_094
mjjn0_095
mjjn0_096
mjjn0_097
mjjn0_098
mjjn0_099
mjjn0_100
mjjn0_101
mjjn0_102
mjjn0_103
mjjn0_104
mjjn0_105
mjjn0_106
mjjn0_107
mjjn0_108
mjjn0_109
mjjn0_110
mjjn0_111
mjjn0_112
mjjn0_113
mjjn0_114
mjjn0_115
mjjn0_116
mjjn0_117
mjjn0_118
mjjn0_119
mjjn0_120
mjjn0_121
mjjn0_122
mjjn0_123
mjjn0_124
mjjn0_125
mjjn0_126
mjjn0_127
mjjn0_128
mjjn0_129
mjjn0_130
mjjn0_131
mjjn0_132
mjjn0_133
mjjn0_134
mjjn0_135
mjjn0_136
mjjn0_137
mjjn0_138
mjjn0_139
mjjn0_140
mjjn0_141
mjjn0_142
mjjn0_143
mjjn0_144
mjjn0_145
mjjn0_146
mjjn0_147
mjjn0_148
mjjn0_149
mjjn0_150
mjjn0_151
mjjn0_152
mjjn0_153
mjjn0_154
mjjn0_155
mjjn0_156
mjjn0_157
mjjn0_158
mjjn0_159
mjjn0_160
mjjn0_161
mjjn0_162
mjjn0_163
mjjn0_164
mjjn0_165
mjjn0_166
mjjn0_167
mjjn0_168
mjjn0_169
mjjn0_170
mjjn0_171
mjjn0_172
mjjn0_173
mjjn0_174
mjjn0_175
mjjn0_176
mjjn0_177
mjjn0_178
mjjn0_179
mjjn0_180
mjjn0_181
mjjn0_182
mjjn0_183
mjjn0_184
mjjn0_185
mjjn0_186
mjjn0_187
mjjn0_188
mjjn0_189
mjjn0_190
mjjn0_191
mjjn0_192
mjjn0_193
mjjn0_194
mjjn0_195
mjjn0_196
mjjn0_197
mjjn0_198
mjjn0_199
mjjn0_200
mjjn0_201
mjjn0_202
mjjn0_203
mjjn0_204
mjjn0_205
mjjn0_206
mjjn0_207
mjjn0_208
mjjn0_209
mjjn0_210
mjjn0_211
mjjn0_212
mjjn0_213
mjjn0_214
mjjn0_215
mjjn0_216
mjjn0_217
mjjn0_218
mjjn0_219
mjjn0_220
mjjn0_221
mjjn0_222
mjjn0_223
mjjn0_224
mjjn0_225
mjjn0_226
mjjn0_227
mjjn0_228
mjjn0_229
mjjn0_230
mjjn0_231
mjjn0_232
mjjn0_233
mjjn0_234
mjjn0_235
mjjn0_236
mjjn0_237
mjjn0_238
mjjn0_239
mjjn0_240
mjjn0_241
mjjn0_242
mjjn0_243
mjjn0_244
mjjn0_245
mjjn0_246
mjjn0_247
mjjn0_248
mjjn0_249
mjjn0_250
mjjn0_251
mjjn0_252
mjjn0_253
mjjn0_254
mjjn0_255
mjjn0_256
mjjn0_257
mjjn0_258
mjjn0_259
mjjn0_260
mjjn0_261
mjjn0_262
mjjn0_263
mjjn0_264
mjjn0_265
mjjn0_266
mjjn0_267
mjjn0_268
mjjn0_269
mjjn0_270
mjjn0_271
mjjn0_272
mjjn0_273
mjjn0_274
mjjn0_275
mjjn0_276
mjjn0_277
mjjn0_278
mjjn0_279
mjjn0_280
mjjn0_281
mjjn0_282
mjjn0_283
mjjn0_284
mjjn0_285
mjjn0_286
mjjn0_287
mjjn0_288
mjjn0_289
mjjn0_290
mjjn0_291
mjjn0_292
mjjn0_293
mjjn0_294
mjjn0_295
mjjn0_296
mjjn0_297
mjjn0_298
mjjn0_299
mjjn0_300
mjjn0_301
mjjn0_302
mjjn0_303
mjjn0_304
mjjn0_305
mjjn0_306
mjjn0_307
mjjn0_308
mjjn0_309
mjjn0_310
mjjn0_311
mjjn0_312
mjjn0_313
mjjn0_314
mjjn0_315
mjjn0_316
mjjn0_317
mjjn0_318
mjjn0_319
mjjn0_320
mjjn0_321
mjjn0_322
mjjn0_323
mjjn0_324
mjjn0_325
mjjn0_326
mjjn0_327
mjjn0_328
mjjn0_329
mjjn0_330
mjjn0_331
mjjn0_332
mjjn0_333
mjjn0_334
mjjn0_335
mjjn0_336
mjjn0_337
mjjn0_338
mjjn0_339
mjjn0_340
mjjn0_341
mjjn0_342
mjjn0_343
mjjn0_344
mjjn0_345
mjjn0_346
mjjn0_347
mjjn0_348
mjjn0_349
mjjn0_350
mjjn0_351
mjjn0_352
mjjn0_353
mjjn0_354
mjjn0_355
mjjn0_356
mjjn0_357
mjjn0_358
mjjn0_359
mjjn0_360
mjjn0_361
mjjn0_362
mjjn0_363
mjjn0_364
mjjn0_365
mjjn0_366
mjjn0_367
mjjn0_368
mjjn0_369
mjjn0_370
mjjn0_371
mjjn0_372
mjjn0_373
mjjn0_374
mjjn0_375
mjjn0_376
mjjn0_377
mjjn0_378
mjjn0_379
mjjn0_380
mjjn0_381
mjjn0_382
mjjn0_383
mjjn0_384
mjjn0_385
mjjn0_386
mjjn0_387
mjjn0_388
mjjn0_389
mjjn0_390
mjjn0_391
mjjn0_392
mjjn0_393
mjjn0_394
mjjn0_395
mjjn0_396
mjjn0_397
mjjn0_398
mjjn0_399
mjjn0_400
mjjn0_401
mjjn0_402
mjjn0_403
mjjn0_404
mjjn0_405
mjjn0_406
mjjn0_407
mjjn0_408
mjjn0_409
mjjn0_410
mjjn0_411
mjjn0_412
mjjn0_413
mjjn0_414
mjjn0_415
mjjn0_416
mjjn0_417
mjjn0_418
mjjn0_419
mjjn0_420
mjjn0_421
mjjn0_422
mjjn0_423
mjjn0_424
mjjn0_425
mjjn0_426
mjjn0_427
mjjn0_428
mjjn0_429
mjjn0_430
mjjn0_431
mjjn0_432
mjjn0_433
mjjn0_434
mjjn0_435
mjjn0_436
mjjn0_437
mjjn0_438
mjjn0_439
mjjn0_440
mjjn0_441
mjjn0_442
mjjn0_443
mjjn0_444
mjjn0_445
mjjn0_446
mjjn0_447
mjjn0_448
mjjn0_449
mjjn0_450
mjjn0_451
mjjn0_452
mjjn0_453
mjjn0_454
mjjn0_455
mjjn0_456
mjjn0_457
mjjn0_458
mjjn0_459
mjjn0_460
msak0_001
msak0_002
msak0_003
msak0_004
msak0_005
msak0_006
msak0_007
msak0_008
msak0_009
msak0_010
msak0_011
msak0_012
msak0_013
msak0_014
msak0_015
msak0_016
msak0_017
msak0_018
msak0_019
msak0_020
msak0_022
msak0_023
msak0_024
msak0_025
msak0_026
msak0_027
msak0_028
msak0_029
msak0_030
msak0_031
msak0_032
msak0_033
msak0_034
msak0_035
msak0_036
msak0_037
msak0_039
msak0_040
msak0_041
msak0_043
msak0_044
msak0_045
msak0_046
msak0_047
msak0_048
msak0_049
msak0_050
msak0_051
msak0_053
msak0_054
msak0_055
msak0_056
msak0_057
msak0_058
msak0_059
msak0_060
msak0_061
msak0_062
msak0_063
msak0_064
msak0_065
msak0_066
msak0_067
msak0_068
msak0_069
msak0_070
msak0_071
msak0_072
msak0_073
msak0_074
msak0_075
msak0_076
msak0_077
msak0_078
msak0_079
msak0_080
msak0_081
msak0_082
msak0_083
msak0_084
msak0_085
msak0_086
msak0_087
msak0_088
msak0_089
msak0_090
msak0_091
msak0_092
msak0_093
msak0_094
msak0_095
msak0_096
msak0_097
msak0_098
msak0_099
msak0_100
msak0_101
msak0_102
msak0_103
msak0_104
msak0_105
msak0_106
msak0_107
msak0_108
msak0_109
msak0_110
msak0_111
msak0_112
msak0_113
msak0_114
msak0_115
msak0_116
msak0_118
msak0_119
msak0_120
msak0_121
msak0_122
msak0_123
msak0_124
msak0_125
msak0_126
msak0_127
msak0_128
msak0_129
msak0_130
msak0_131
msak0_132
msak0_133
msak0_134
msak0_135
msak0_136
msak0_137
msak0_138
msak0_139
msak0_140
msak0_141
msak0_143
msak0_144
msak0_145
msak0_146
msak0_147
msak0_148
msak0_149
msak0_150
msak0_151
msak0_152
msak0_153
msak0_154
msak0_155
msak0_156
msak0_157
msak0_158
msak0_159
msak0_160
msak0_161
msak0_162
msak0_163
msak0_164
msak0_165
msak0_166
msak0_167
msak0_168
msak0_169
msak0_170
msak0_171
msak0_172
msak0_173
msak0_174
msak0_175
msak0_176
msak0_178
msak0_179
msak0_180
msak0_181
msak0_182
msak0_184
msak0_185
msak0_186
msak0_187
msak0_188
msak0_189
msak0_190
msak0_191
msak0_192
msak0_193
msak0_194
msak0_195
msak0_196
msak0_197
msak0_198
msak0_199
msak0_200
msak0_201
msak0_202
msak0_203
msak0_204
msak0_205
msak0_206
msak0_207
msak0_208
msak0_209
msak0_210
msak0_211
msak0_212
msak0_213
msak0_214
msak0_215
msak0_216
msak0_217
msak0_218
msak0_219
msak0_220
msak0_221
msak0_222
msak0_223
msak0_224
msak0_225
msak0_226
msak0_227
msak0_228
msak0_229
msak0_230
msak0_231
msak0_232
msak0_233
msak0_234
msak0_235
msak0_236
msak0_237
msak0_238
msak0_239
msak0_240
msak0_241
msak0_242
msak0_243
msak0_244
msak0_245
msak0_246
msak0_247
msak0_248
msak0_249
msak0_250
msak0_251
msak0_252
msak0_253
msak0_254
msak0_255
msak0_256
msak0_258
msak0_259
msak0_260
msak0_261
msak0_262
msak0_263
msak0_264
msak0_265
msak0_266
msak0_267
msak0_268
msak0_269
msak0_270
msak0_271
msak0_272
msak0_273
msak0_274
msak0_275
msak0_276
msak0_277
msak0_279
msak0_280
msak0_281
msak0_282
msak0_283
msak0_284
msak0_285
msak0_286
msak0_287
msak0_288
msak0_289
msak0_290
msak0_291
msak0_292
msak0_293
msak0_294
msak0_295
msak0_296
msak0_297
msak0_298
msak0_299
msak0_300
msak0_301
msak0_302
msak0_303
msak0_304
msak0_305
msak0_307
msak0_308
msak0_309
msak0_310
msak0_311
msak0_312
msak0_313
msak0_314
msak0_315
msak0_316
msak0_317
msak0_318
msak0_319
msak0_320
msak0_321
msak0_322
msak0_323
msak0_324
msak0_325
msak0_326
msak0_327
msak0_328
msak0_329
msak0_330
msak0_331
msak0_332
msak0_333
msak0_334
msak0_336
msak0_337
msak0_338
msak0_339
msak0_340
msak0_341
msak0_342
msak0_343
msak0_344
msak0_345
msak0_346
msak0_347
msak0_348
msak0_349
msak0_350
msak0_351
msak0_352
msak0_353
msak0_354
msak0_355
msak0_356
msak0_357
msak0_358
msak0_359
msak0_360
msak0_361
msak0_362
msak0_363
msak0_364
msak0_365
msak0_366
msak0_367
msak0_368
msak0_369
msak0_370
msak0_371
msak0_372
msak0_373
msak0_374
msak0_375
msak0_376
msak0_377
msak0_378
msak0_379
msak0_380
msak0_381
msak0_382
msak0_383
msak0_384
msak0_385
msak0_386
msak0_387
msak0_388
msak0_389
msak0_390
msak0_391
msak0_392
msak0_393
msak0_394
msak0_395
msak0_396
msak0_397
msak0_398
msak0_399
msak0_400
msak0_401
msak0_402
msak0_403
msak0_404
msak0_405
msak0_406
msak0_407
msak0_408
msak0_409
msak0_410
msak0_411
msak0_412
msak0_413
msak0_414
msak0_415
msak0_416
msak0_417
msak0_418
msak0_419
msak0_420
msak0_421
msak0_422
msak0_423
msak0_424
msak0_425
msak0_426
msak0_427
msak0_428
msak0_429
msak0_430
msak0_431
msak0_432
msak0_433
msak0_434
msak0_435
msak0_436
msak0_437
msak0_438
msak0_439
msak0_440
msak0_441
msak0_442
msak0_443
msak0_444
msak0_445
msak0_446
msak0_447
msak0_448
msak0_450
msak0_451
msak0_452
msak0_454
msak0_455
msak0_456
msak0_457
msak0_458
msak0_459
msak0_460
ss2404_001
ss2404_002
ss2404_003
ss2404_004
ss2404_005
ss2404_006
ss2404_007
ss2404_008
ss2404_009
ss2404_010
ss2404_011
ss2404_012
ss2404_013
ss2404_014
ss2404_015
ss2404_016
ss2404_017
ss2404_018
ss2404_019
ss2404_020
ss2404_021
ss2404_022
ss2404_023
ss2404_024
ss2404_025
ss2404_026
ss2404_027
ss2404_028
ss2404_029
ss2404_030
ss2404_031
ss2404_032
ss2404_033
ss2404_034
ss2404_035
ss2404_036
ss2404_037
ss2404_038
ss2404_039
ss2404_040
ss2404_041
ss2404_042
ss2404_043
ss2404_044
ss2404_045
ss2404_046
ss2404_047
ss2404_048
ss2404_049
ss2404_050
ss2404_051
ss2404_052
ss2404_053
ss2404_054
ss2404_055
ss2404_056
ss2404_057
ss2404_058
ss2404_059
ss2404_060
ss2404_061
ss2404_062
ss2404_063
ss2404_064
ss2404_065
ss2404_066
ss2404_067
ss2404_068
ss2404_069
ss2404_070
ss2404_071
ss2404_072
ss2404_073
ss2404_074
ss2404_075
ss2404_076
ss2404_077
ss2404_078
ss2404_079
ss2404_080
ss2404_081
ss2404_082
ss2404_083
ss2404_084
ss2404_085
ss2404_086
ss2404_087
ss2404_088
ss2404_089
ss2404_090
ss2404_091
ss2404_092
ss2404_093
ss2404_094
ss2404_095
ss2404_096
ss2404_097
ss2404_098
ss2404_099
ss2404_100
ss2404_101
ss2404_102
ss2404_103
ss2404_104
ss2404_105
ss2404_106
ss2404_107
ss2404_108
ss2404_109
ss2404_110
ss2404_111
ss2404_112
ss2404_113
ss2404_114
ss2404_115
ss2404_116
ss2404_117
ss2404_118
ss2404_119
ss2404_120
ss2404_121
ss2404_122
ss2404_123
ss2404_124
ss2404_125
ss2404_126
ss2404_127
ss2404_128
ss2404_129
ss2404_130
ss2404_131
ss2404_132
ss2404_133
ss2404_134
ss2404_135
ss2404_136
ss2404_137
ss2404_138
ss2404_139
ss2404_140
ss2404_141
ss2404_142
ss2404_143
ss2404_144
ss2404_145
ss2404_146
ss2404_147
ss2404_148
ss2404_149
ss2404_150
ss2404_151
ss2404_152
ss2404_153
ss2404_154
ss2404_155
ss2404_156
ss2404_157
ss2404_158
ss2404_159
ss2404_160
ss2404_161
ss2404_162
ss2404_163
ss2404_164
ss2404_165
ss2404_166
ss2404_167
ss2404_168
ss2404_169
ss2404_170
ss2404_171
ss2404_172
ss2404_173
ss2404_174
ss2404_175
ss2404_176
ss2404_177
ss2404_178
ss2404_179
ss2404_180
ss2404_181
ss2404_182
ss2404_183
ss2404_184
ss2404_185
ss2404_186
ss2404_187
ss2404_188
ss2404_189
ss2404_190
ss2404_191
ss2404_192
ss2404_193
ss2404_194
ss2404_195
ss2404_196
ss2404_197
ss2404_198
ss2404_199
ss2404_200
ss2404_201
ss2404_202
ss2404_203
ss2404_204
ss2404_205
ss2404_206
ss2404_207
ss2404_208
ss2404_209
ss2404_210
ss2404_211
ss2404_212
ss2404_213
ss2404_214
ss2404_215
ss2404_216
ss2404_217
ss2404_218
ss2404_219
ss2404_220
ss2404_221
ss2404_222
ss2404_223
ss2404_224
ss2404_225
ss2404_226
ss2404_227
ss2404_228
ss2404_229
ss2404_230
ss2404_231
ss2404_232
ss2404_233
ss2404_234
ss2404_235
ss2404_236
ss2404_237
ss2404_238
ss2404_239
ss2404_240
ss2404_241
ss2404_242
ss2404_243
ss2404_244
ss2404_245
ss2404_246
ss2404_247
ss2404_248
ss2404_249
ss2404_250
ss2404_251
ss2404_252
ss2404_253
ss2404_254
ss2404_255
ss2404_256
ss2404_257
ss2404_258
ss2404_259
ss2404_260
ss2404_261
ss2404_262
ss2404_263
ss2404_264
ss2404_265
ss2404_266
ss2404_267
ss2404_268
ss2404_269
ss2404_270
ss2404_271
ss2404_272
ss2404_273
ss2404_274
ss2404_275
ss2404_276
ss2404_277
ss2404_278
ss2404_279
ss2404_280
ss2404_281
ss2404_282
ss2404_283
ss2404_284
ss2404_285
ss2404_286
ss2404_287
ss2404_288
ss2404_289
ss2404_290
ss2404_291
ss2404_292
ss2404_293
ss2404_294
ss2404_295
ss2404_296
ss2404_297
ss2404_298
ss2404_299
ss2404_300
ss2404_301
ss2404_302
ss2404_303
ss2404_304
ss2404_305
ss2404_306
ss2404_307
ss2404_308
ss2404_309
ss2404_310
ss2404_311
ss2404_312
ss2404_313
ss2404_314
ss2404_315
ss2404_316
ss2404_317
ss2404_318
ss2404_319
ss2404_320
ss2404_321
ss2404_322
ss2404_323
ss2404_324
ss2404_325
ss2404_326
ss2404_327
ss2404_328
ss2404_329
ss2404_330
ss2404_331
ss2404_332
ss2404_333
ss2404_334
ss2404_337
tbar_001
