F01_sa2
F01_si453
F01_si455
F01_si456
F01_si457
F01_si458
F01_si459
F01_si460
F01_si461
F01_si462
F01_si463
F01_si465
F01_si466
F01_si467
F01_si468
F01_si469
F01_si470
F01_si471
F01_si473
F01_si474
F01_si475
F01_si476
F01_si477
F01_si478
F01_si480
F01_si481
F01_si483
F01_si484
F01_si486
F01_si487
F01_si489
F01_si492
F01_si493
F01_si494
F01_si496
F01_si499
F01_si500
F01_si501
F01_si502
F01_si503
F01_si504
F01_si505
F01_si506
F01_si508
F01_si512
F01_si513
F01_si514
F01_si515
F01_si518
F01_si519
F01_si520
F01_si521
F01_si522
F01_si523
F01_si524
F01_si525
F01_si526
F01_si527
F01_si528
F01_si529
F01_si531
F01_si532
F01_si533
F01_si534
F01_si535
F01_si536
F01_si537
F01_si538
F01_si539
F01_si540
F01_si541
F01_si542
F01_si543
F01_si544
F01_si545
F01_si546
F01_si547
F01_si548
F01_si549
F01_si550
F01_si551
F01_si552
F01_si553
F01_si554
F01_si555
F01_si556
F01_si557
F01_si558
F01_si559
F01_si560
F01_si561
F01_si562
F01_si563
F01_si564
F01_si565
F01_si566
F01_si567
F01_si568
F01_si569
F01_si571
F01_si573
F01_si578
F01_si579
F01_si581
F01_si582
F01_si583
F01_si585
F01_si586
F01_si587
F01_si588
F01_si589
F01_si590
F01_si591
F01_si592
F01_si593
F01_si594
F01_si595
F01_si596
F01_si601
F01_si602
F01_si603
F01_si606
F01_si607
F01_si615
F01_si617
F01_si618
F01_si619
F01_si620
F01_si622
F01_si623
F01_si624
F01_si625
F01_si627
F01_si628
F01_si633
F01_si635
F01_sx10
F01_sx11
F01_sx12
F01_sx13
F01_sx14
F01_sx15
F01_sx16
F01_sx17
F01_sx18
F01_sx19
F01_sx20
F01_sx21
F01_sx22
F01_sx23
F01_sx24
F01_sx25
F01_sx26
F01_sx27
F01_sx28
F01_sx29
F01_sx3
F01_sx30
F01_sx31
F01_sx32
F01_sx33
F01_sx34
F01_sx35
F01_sx36
F01_sx37
F01_sx38
F01_sx39
F01_sx4
F01_sx40
F01_sx41
F01_sx42
F01_sx43
F01_sx44
F01_sx45
F01_sx46
F01_sx47
F01_sx5
F01_sx6
F01_sx7
F01_sx8
F01_sx9
F02_sa1
F02_sa2
F02_si642
F02_si643
F02_si644
F02_si645
F02_si646
F02_si647
F02_si648
F02_si649
F02_si651
F02_si652
F02_si653
F02_si658
F02_si659
F02_si661
F02_si662
F02_si663
F02_si665
F02_si666
F02_si667
F02_si668
F02_si669
F02_si670
F02_si671
F02_si672
F02_si673
F02_si676
F02_si677
F02_si678
F02_si679
F02_si680
F02_si681
F02_si683
F02_si685
F02_si686
F02_si687
F02_si689
F02_si690
F02_si691
F02_si692
F02_si693
F02_si695
F02_si696
F02_si697
F02_si698
F02_si700
F02_si703
F02_si704
F02_si706
F02_si707
F02_si708
F02_si709
F02_si711
F02_si713
F02_si717
F02_si718
F02_si719
F02_si720
F02_si721
F02_si722
F02_si724
F02_si727
F02_si738
F02_si740
F02_si743
F02_si751
F02_si757
F02_si760
F02_si766
F02_si774
F02_si775
F02_si776
F02_si777
F02_si778
F02_si779
F02_si781
F02_si782
F02_si783
F02_si784
F02_si785
F02_si786
F02_si787
F02_si791
F02_si793
F02_si795
F02_si798
F02_si799
F02_si803
F02_si813
F02_si815
F02_si817
F02_si825
F02_si827
F02_si828
F02_sx48
F02_sx50
F02_sx51
F02_sx52
F02_sx53
F02_sx55
F02_sx56
F02_sx57
F02_sx58
F02_sx59
F02_sx60
F02_sx61
F02_sx62
F02_sx63
F02_sx64
F02_sx65
F02_sx66
F02_sx67
F02_sx68
F02_sx69
F02_sx70
F02_sx71
F02_sx72
F02_sx73
F02_sx74
F02_sx75
F02_sx76
F02_sx77
F02_sx78
F02_sx79
F02_sx80
F02_sx81
F02_sx82
F02_sx83
F02_sx84
F02_sx85
F02_sx86
F02_sx87
F02_sx88
F02_sx89
F02_sx90
F02_sx91
F02_sx92
F03_sa1
F03_sa2
F03_si1000
F03_si1001
F03_si1002
F03_si1003
F03_si1004
F03_si1005
F03_si1006
F03_si1007
F03_si1008
F03_si1009
F03_si1010
F03_si1011
F03_si1012
F03_si1013
F03_si1014
F03_si1015
F03_si1017
F03_si1018
F03_si1019
F03_si832
F03_si833
F03_si834
F03_si836
F03_si837
F03_si838
F03_si839
F03_si840
F03_si842
F03_si843
F03_si844
F03_si847
F03_si848
F03_si849
F03_si850
F03_si851
F03_si852
F03_si853
F03_si854
F03_si855
F03_si856
F03_si857
F03_si859
F03_si860
F03_si861
F03_si862
F03_si863
F03_si864
F03_si865
F03_si866
F03_si870
F03_si871
F03_si872
F03_si873
F03_si874
F03_si875
F03_si877
F03_si878
F03_si879
F03_si880
F03_si881
F03_si882
F03_si883
F03_si884
F03_si885
F03_si886
F03_si887
F03_si888
F03_si889
F03_si890
F03_si891
F03_si892
F03_si893
F03_si894
F03_si896
F03_si897
F03_si898
F03_si899
F03_si900
F03_si901
F03_si902
F03_si903
F03_si904
F03_si905
F03_si906
F03_si907
F03_si908
F03_si909
F03_si910
F03_si911
F03_si912
F03_si913
F03_si914
F03_si915
F03_si916
F03_si917
F03_si918
F03_si919
F03_si920
F03_si922
F03_si923
F03_si924
F03_si926
F03_si927
F03_si928
F03_si930
F03_si931
F03_si933
F03_si934
F03_si935
F03_si936
F03_si938
F03_si939
F03_si940
F03_si941
F03_si942
F03_si943
F03_si944
F03_si945
F03_si946
F03_si947
F03_si948
F03_si949
F03_si950
F03_si951
F03_si952
F03_si953
F03_si954
F03_si955
F03_si956
F03_si958
F03_si959
F03_si961
F03_si962
F03_si963
F03_si964
F03_si965
F03_si966
F03_si967
F03_si968
F03_si970
F03_si971
F03_si972
F03_si974
F03_si975
F03_si976
F03_si978
F03_si979
F03_si980
F03_si981
F03_si982
F03_si983
F03_si984
F03_si985
F03_si986
F03_si987
F03_si988
F03_si989
F03_si990
F03_si991
F03_si992
F03_si993
F03_si994
F03_si995
F03_si996
F03_si998
F03_si999
F03_sx102
F03_sx103
F03_sx104
F03_sx105
F03_sx107
F03_sx108
F03_sx109
F03_sx110
F03_sx111
F03_sx112
F03_sx113
F03_sx114
F03_sx115
F03_sx116
F03_sx117
F03_sx118
F03_sx119
F03_sx120
F03_sx122
F03_sx123
F03_sx124
F03_sx125
F03_sx126
F03_sx128
F03_sx129
F03_sx130
F03_sx131
F03_sx132
F03_sx133
F03_sx134
F03_sx135
F03_sx136
F03_sx137
F03_sx93
F03_sx94
F03_sx95
F03_sx96
F03_sx97
F03_sx99
F04_sa1
F04_sa2
F04_si1025
F04_si1026
F04_si1028
F04_si1029
F04_si1034
F04_si1040
F04_si1056
F04_si1061
F04_si1064
F04_si1068
F04_si1070
F04_si1072
F04_si1074
F04_si1075
F04_si1083
F04_si1091
F04_si1102
F04_si1105
F04_si1116
F04_si1139
F04_si1147
F04_si1149
F04_si1150
F04_si1151
F04_si1155
F04_si1156
F04_si1157
F04_si1158
F04_si1162
F04_si1163
F04_si1166
F04_si1167
F04_si1168
F04_si1169
F04_si1171
F04_si1173
F04_si1174
F04_si1176
F04_si1179
F04_si1182
F04_si1188
F04_si1189
F04_si1193
F04_si1196
F04_si1198
F04_si1199
F04_si1200
F04_si1203
F04_sx138
F04_sx140
F04_sx142
F04_sx143
F04_sx144
F04_sx145
F04_sx146
F04_sx150
F04_sx154
F04_sx155
F04_sx157
F04_sx179
F05_si1209
F05_si1211
F05_si1212
F05_si1213
F05_si1214
F05_si1216
F05_si1217
F05_si1218
F05_si1219
F05_si1220
F05_si1221
F05_si1222
F05_si1223
F05_si1224
F05_si1226
F05_si1228
F05_si1229
F05_si1231
F05_si1233
F05_si1236
F05_si1237
F05_si1238
F05_si1239
F05_si1240
F05_si1242
F05_si1243
F05_si1246
F05_si1247
F05_si1249
F05_si1252
F05_si1253
F05_si1254
F05_si1255
F05_si1256
F05_si1257
F05_si1259
F05_si1260
F05_si1261
F05_si1262
F05_si1263
F05_si1264
F05_si1266
F05_si1267
F05_si1268
F05_si1269
F05_si1270
F05_si1271
F05_si1272
F05_si1274
F05_si1275
F05_si1276
F05_si1277
F05_si1278
F05_si1280
F05_si1281
F05_si1283
F05_si1284
F05_si1285
F05_si1286
F05_si1287
F05_si1288
F05_si1289
F05_si1290
F05_si1291
F05_si1292
F05_si1293
F05_si1294
F05_si1295
F05_si1296
F05_si1297
F05_si1298
F05_si1299
F05_si1300
F05_si1301
F05_si1302
F05_si1303
F05_si1304
F05_si1307
F05_si1310
F05_si1313
F05_si1314
F05_si1316
F05_si1317
F05_si1318
F05_si1320
F05_si1321
F05_si1324
F05_si1325
F05_si1327
F05_si1328
F05_si1329
F05_si1332
F05_si1334
F05_si1335
F05_si1336
F05_si1338
F05_si1340
F05_si1341
F05_si1342
F05_si1344
F05_si1346
F05_si1347
F05_si1348
F05_si1350
F05_si1351
F05_si1353
F05_si1355
F05_si1360
F05_si1361
F05_si1362
F05_si1363
F05_si1364
F05_si1365
F05_si1366
F05_si1367
F05_si1368
F05_si1369
F05_si1370
F05_si1371
F05_si1376
F05_si1377
F05_si1380
F05_si1381
F05_si1382
F05_si1383
F05_si1384
F05_si1385
F05_si1386
F05_si1387
F05_si1389
F05_si1393
F05_si1397
F05_sx193
F05_sx194
F05_sx195
F05_sx196
F05_sx198
F05_sx199
F05_sx200
F05_sx201
F05_sx203
F05_sx204
F05_sx206
F05_sx207
F05_sx208
F05_sx209
F05_sx210
F05_sx211
F05_sx212
F05_sx213
F05_sx214
F05_sx215
F05_sx216
F05_sx217
F05_sx218
F05_sx219
F05_sx223
F05_sx224
F05_sx225
F05_sx226
F05_sx227
F06_sa1
F06_sa2
F06_si1398
F06_si1399
F06_si1400
F06_si1401
F06_si1403
F06_si1405
F06_si1406
F06_si1407
F06_si1408
F06_si1409
F06_si1410
F06_si1411
F06_si1412
F06_si1413
F06_si1414
F06_si1415
F06_si1416
F06_si1417
F06_si1418
F06_si1419
F06_si1420
F06_si1423
F06_si1424
F06_si1425
F06_si1426
F06_si1427
F06_si1428
F06_si1429
F06_si1430
F06_si1431
F06_si1432
F06_si1433
F06_si1434
F06_si1435
F06_si1436
F06_si1437
F06_si1438
F06_si1439
F06_si1440
F06_si1442
F06_si1443
F06_si1444
F06_si1445
F06_si1446
F06_si1450
F06_si1451
F06_si1453
F06_si1454
F06_si1455
F06_si1456
F06_si1457
F06_si1458
F06_si1459
F06_si1460
F06_si1461
F06_si1462
F06_si1463
F06_si1464
F06_si1465
F06_si1466
F06_si1468
F06_si1469
F06_si1470
F06_si1471
F06_si1473
F06_si1474
F06_si1475
F06_si1476
F06_si1477
F06_si1478
F06_si1479
F06_si1480
F06_si1481
F06_si1482
F06_si1483
F06_si1484
F06_si1485
F06_si1486
F06_si1487
F06_si1488
F06_si1489
F06_si1490
F06_si1491
F06_si1492
F06_si1493
F06_si1494
F06_si1495
F06_si1498
F06_si1500
F06_si1503
F06_si1504
F06_si1506
F06_si1507
F06_si1508
F06_si1509
F06_si1510
F06_si1513
F06_si1514
F06_si1515
F06_si1516
F06_si1517
F06_si1518
F06_si1520
F06_si1522
F06_si1523
F06_si1524
F06_si1525
F06_si1526
F06_si1527
F06_si1528
F06_si1529
F06_si1530
F06_si1531
F06_si1532
F06_si1533
F06_si1534
F06_si1535
F06_si1536
F06_si1538
F06_si1539
F06_si1540
F06_si1541
F06_si1542
F06_si1543
F06_si1544
F06_si1545
F06_si1546
F06_si1547
F06_si1548
F06_si1549
F06_si1550
F06_si1551
F06_si1552
F06_si1553
F06_si1554
F06_si1555
F06_si1556
F06_si1557
F06_si1558
F06_si1559
F06_si1560
F06_si1562
F06_si1563
F06_si1564
F06_si1566
F06_si1567
F06_si1569
F06_si1570
F06_si1571
F06_si1574
F06_si1575
F06_si1576
F06_si1577
F06_si1578
F06_si1580
F06_si1581
F06_si1582
F06_si1583
F06_si1585
F06_si1586
F06_sx228
F06_sx229
F06_sx230
F06_sx231
F06_sx233
F06_sx234
F06_sx235
F06_sx236
F06_sx237
F06_sx238
F06_sx239
F06_sx240
F06_sx241
F06_sx242
F06_sx243
F06_sx244
F06_sx245
F06_sx246
F06_sx248
F06_sx249
F06_sx250
F06_sx251
F06_sx252
F06_sx253
F06_sx254
F06_sx255
F06_sx256
F06_sx257
F06_sx258
F06_sx259
F06_sx261
F06_sx262
F06_sx263
F06_sx264
F06_sx265
F06_sx266
F06_sx267
F06_sx268
F06_sx269
F06_sx270
F06_sx271
F06_sx272
F07_sa1
F07_sa2
F07_si1587
F07_si1589
F07_si1590
F07_si1591
F07_si1592
F07_si1593
F07_si1594
F07_si1595
F07_si1598
F07_si1600
F07_si1601
F07_si1605
F07_si1607
F07_si1609
F07_si1611
F07_si1612
F07_si1613
F07_si1614
F07_si1615
F07_si1616
F07_si1617
F07_si1618
F07_si1619
F07_si1620
F07_si1621
F07_si1622
F07_si1623
F07_si1624
F07_si1625
F07_si1626
F07_si1627
F07_si1628
F07_si1629
F07_si1630
F07_si1631
F07_si1632
F07_si1633
F07_si1634
F07_si1635
F07_si1636
F07_si1637
F07_si1638
F07_si1639
F07_si1640
F07_si1641
F07_si1642
F07_si1643
F07_si1644
F07_si1645
F07_si1646
F07_si1647
F07_si1649
F07_si1650
F07_si1651
F07_si1652
F07_si1653
F07_si1654
F07_si1655
F07_si1656
F07_si1657
F07_si1658
F07_si1659
F07_si1660
F07_si1661
F07_si1662
F07_si1663
F07_si1664
F07_si1665
F07_si1666
F07_si1667
F07_si1668
F07_si1669
F07_si1670
F07_si1671
F07_si1672
F07_si1673
F07_si1674
F07_si1675
F07_si1676
F07_si1677
F07_si1678
F07_si1679
F07_si1680
F07_si1681
F07_si1682
F07_si1683
F07_si1684
F07_si1685
F07_si1686
F07_si1687
F07_si1688
F07_si1689
F07_si1690
F07_si1691
F07_si1692
F07_si1693
F07_si1694
F07_si1695
F07_si1696
F07_si1697
F07_si1698
F07_si1699
F07_si1700
F07_si1701
F07_si1702
F07_si1703
F07_si1704
F07_si1705
F07_si1706
F07_si1707
F07_si1708
F07_si1709
F07_si1710
F07_si1711
F07_si1712
F07_si1713
F07_si1714
F07_si1715
F07_si1716
F07_si1717
F07_si1718
F07_si1719
F07_si1721
F07_si1722
F07_si1723
F07_si1724
F07_si1725
F07_si1726
F07_si1727
F07_si1728
F07_si1729
F07_si1730
F07_si1731
F07_si1732
F07_si1734
F07_si1735
F07_si1736
F07_si1737
F07_si1738
F07_si1739
F07_si1740
F07_si1741
F07_si1742
F07_si1743
F07_si1744
F07_si1746
F07_si1747
F07_si1748
F07_si1749
F07_si1750
F07_si1751
F07_si1752
F07_si1753
F07_si1754
F07_si1755
F07_si1756
F07_si1757
F07_si1758
F07_si1759
F07_si1760
F07_si1761
F07_si1762
F07_si1763
F07_si1764
F07_si1765
F07_si1766
F07_si1767
F07_si1768
F07_si1769
F07_si1770
F07_si1772
F07_si1773
F07_si1774
F07_sx274
F07_sx275
F07_sx276
F07_sx277
F07_sx278
F07_sx279
F07_sx280
F07_sx281
F07_sx282
F07_sx283
F07_sx284
F07_sx285
F07_sx286
F07_sx287
F07_sx288
F07_sx289
F07_sx290
F07_sx291
F07_sx292
F07_sx293
F07_sx294
F07_sx295
F07_sx296
F07_sx297
F07_sx298
F07_sx299
F07_sx300
F07_sx301
F07_sx302
F07_sx303
F07_sx304
F07_sx305
F07_sx306
F07_sx307
F07_sx308
F07_sx309
F07_sx310
F07_sx312
F07_sx313
F07_sx315
F07_sx317
F08_si1777
F08_si1778
F08_si1779
F08_si1795
F08_si1796
F08_si1865
F08_si1867
F08_si1868
F08_si1871
F08_si1872
F08_si1876
F08_si1879
F08_si1880
F08_si1881
F08_si1883
F08_si1884
F08_si1885
F08_si1886
F08_si1891
F08_si1894
F08_si1902
F08_si1903
F08_si1905
F08_si1907
F08_si1908
F08_si1909
F08_si1914
F08_si1916
F08_si1917
F08_si1925
F08_si1928
F08_si1930
F08_si1932
F08_si1934
F08_si1936
F08_si1938
F08_si1939
F08_si1940
F08_si1942
F08_si1943
F08_si1949
F08_si1952
F08_si1953
F08_si1954
F08_si1964
F08_sx319
F08_sx320
F08_sx322
F08_sx323
F08_sx328
F08_sx329
F08_sx333
F08_sx334
F08_sx336
F08_sx337
F08_sx339
F08_sx340
F08_sx341
F08_sx342
F08_sx343
F08_sx344
F08_sx345
F08_sx348
F08_sx350
F08_sx351
F08_sx352
F08_sx353
F08_sx355
F08_sx356
F08_sx357
F08_sx358
F08_sx359
F08_sx360
F08_sx361
F08_sx362
F09_sa1
F09_sa2
F09_si1965
F09_si1966
F09_si1967
F09_si1968
F09_si1969
F09_si1970
F09_si1971
F09_si1972
F09_si1973
F09_si1974
F09_si1975
F09_si1976
F09_si1977
F09_si1978
F09_si1979
F09_si1980
F09_si1983
F09_si1984
F09_si1985
F09_si1986
F09_si1987
F09_si1988
F09_si1989
F09_si1990
F09_si1991
F09_si1992
F09_si1993
F09_si1994
F09_si1996
F09_si1997
F09_si1998
F09_si1999
F09_si2000
F09_si2001
F09_si2002
F09_si2003
F09_si2004
F09_si2005
F09_si2006
F09_si2007
F09_si2008
F09_si2009
F09_si2010
F09_si2011
F09_si2013
F09_si2014
F09_si2015
F09_si2016
F09_si2017
F09_si2018
F09_si2019
F09_si2021
F09_si2022
F09_si2024
F09_si2025
F09_si2026
F09_si2027
F09_si2029
F09_si2030
F09_si2031
F09_si2032
F09_si2033
F09_si2034
F09_si2035
F09_si2036
F09_si2037
F09_si2038
F09_si2039
F09_si2040
F09_si2041
F09_si2042
F09_si2043
F09_si2044
F09_si2045
F09_si2047
F09_si2048
F09_si2049
F09_si2050
F09_si2051
F09_si2052
F09_si2053
F09_si2054
F09_si2055
F09_si2056
F09_si2058
F09_si2059
F09_si2060
F09_si2062
F09_si2064
F09_si2065
F09_si2066
F09_si2067
F09_si2068
F09_si2069
F09_si2070
F09_si2071
F09_si2072
F09_si2073
F09_si2074
F09_si2075
F09_si2076
F09_si2077
F09_si2078
F09_si2079
F09_si2080
F09_si2081
F09_si2082
F09_si2083
F09_si2084
F09_si2085
F09_si2086
F09_si2087
F09_si2088
F09_si2089
F09_si2090
F09_si2091
F09_si2092
F09_si2095
F09_si2096
F09_si2097
F09_si2098
F09_si2099
F09_si2100
F09_si2101
F09_si2103
F09_si2104
F09_si2105
F09_si2106
F09_si2107
F09_si2108
F09_si2109
F09_si2110
F09_si2113
F09_si2114
F09_si2115
F09_si2116
F09_si2117
F09_si2118
F09_si2119
F09_si2120
F09_si2121
F09_si2122
F09_si2123
F09_si2124
F09_si2125
F09_si2126
F09_si2127
F09_si2129
F09_si2130
F09_si2132
F09_si2133
F09_si2134
F09_si2135
F09_si2136
F09_si2137
F09_si2138
F09_si2140
F09_si2141
F09_si2142
F09_si2143
F09_si2144
F09_si2145
F09_si2146
F09_si2147
F09_si2148
F09_si2149
F09_si2151
F09_si2152
F09_si2153
F09_sx363
F09_sx364
F09_sx365
F09_sx366
F09_sx367
F09_sx368
F09_sx369
F09_sx370
F09_sx371
F09_sx372
F09_sx373
F09_sx374
F09_sx375
F09_sx376
F09_sx377
F09_sx378
F09_sx380
F09_sx381
F09_sx382
F09_sx383
F09_sx384
F09_sx385
F09_sx386
F09_sx388
F09_sx389
F09_sx390
F09_sx391
F09_sx392
F09_sx393
F09_sx394
F09_sx395
F09_sx396
F09_sx397
F09_sx398
F09_sx399
F09_sx400
F09_sx401
F09_sx402
F09_sx405
F09_sx406
F09_sx407
F10_sa2
F10_si2154
F10_si2155
F10_si2156
F10_si2157
F10_si2161
F10_si2163
F10_si2164
F10_si2166
F10_si2168
F10_si2169
F10_si2170
F10_si2171
F10_si2172
F10_si2174
F10_si2175
F10_si2177
F10_si2178
F10_si2180
F10_si2181
F10_si2182
F10_si2183
F10_si2184
F10_si2185
F10_si2186
F10_si2187
F10_si2188
F10_si2189
F10_si2191
F10_si2197
F10_si2199
F10_si2201
F10_si2203
F10_si2205
F10_si2207
F10_si2208
F10_si2209
F10_si2211
F10_si2212
F10_si2213
F10_si2214
F10_si2216
F10_si2218
F10_si2219
F10_si2221
F10_si2224
F10_si2225
F10_si2227
F10_si2229
F10_si2234
F10_si2237
F10_si2238
F10_si2239
F10_si2240
F10_si2242
F10_si2244
F10_si2245
F10_si2247
F10_si2250
F10_si2252
F10_si2257
F10_si2258
F10_si2259
F10_si2261
F10_si2263
F10_si2264
F10_si2265
F10_si2266
F10_si2269
F10_si2278
F10_si2287
F10_si2298
F10_si2305
F10_si2306
F10_si2311
F10_si2315
F10_si2319
F10_si2321
F10_si2325
F10_si2326
F10_si2327
F10_si2328
F10_si2329
F10_si2330
F10_si2331
F10_si2332
F10_si2333
F10_si2334
F10_si2335
F10_si2336
F10_si2337
F10_si2338
F10_si2339
F10_si2340
F10_si2341
F10_si2342
F10_sx410
F10_sx411
F10_sx413
F10_sx414
F10_sx416
F10_sx417
F10_sx419
F10_sx421
F10_sx422
F10_sx423
F10_sx424
F10_sx425
F10_sx427
F10_sx428
F10_sx430
F10_sx432
F10_sx434
F10_sx436
F10_sx437
F10_sx439
F10_sx440
F10_sx441
F10_sx444
F10_sx446
F10_sx447
F10_sx448
M01_sa1
M01_sa2
M01_si453
M01_si454
M01_si455
M01_si456
M01_si457
M01_si458
M01_si460
M01_si461
M01_si462
M01_si463
M01_si464
M01_si465
M01_si466
M01_si467
M01_si468
M01_si469
M01_si470
M01_si471
M01_si472
M01_si473
M01_si474
M01_si475
M01_si476
M01_si477
M01_si478
M01_si479
M01_si480
M01_si481
M01_si482
M01_si483
M01_si484
M01_si485
M01_si486
M01_si487
M01_si488
M01_si489
M01_si490
M01_si491
M01_si492
M01_si493
M01_si494
M01_si495
M01_si496
M01_si497
M01_si498
M01_si499
M01_si500
M01_si502
M01_si503
M01_si504
M01_si505
M01_si506
M01_si507
M01_si508
M01_si509
M01_si513
M01_si516
M01_si517
M01_si519
M01_si520
M01_si521
M01_si522
M01_si523
M01_si524
M01_si525
M01_si526
M01_si527
M01_si528
M01_si529
M01_si530
M01_si531
M01_si533
M01_si534
M01_si536
M01_si537
M01_si538
M01_si539
M01_si541
M01_si542
M01_si543
M01_si544
M01_si545
M01_si546
M01_si547
M01_si548
M01_si549
M01_si550
M01_si551
M01_si552
M01_si553
M01_si555
M01_si556
M01_si557
M01_si558
M01_si559
M01_si560
M01_si561
M01_si562
M01_si563
M01_si565
M01_si566
M01_si567
M01_si568
M01_si569
M01_si570
M01_si571
M01_si572
M01_si573
M01_si574
M01_si575
M01_si577
M01_si578
M01_si579
M01_si580
M01_si581
M01_si583
M01_si584
M01_si586
M01_si587
M01_si588
M01_si590
M01_si592
M01_si594
M01_si595
M01_si596
M01_si597
M01_si598
M01_si599
M01_si601
M01_si603
M01_si604
M01_si605
M01_si606
M01_si607
M01_si608
M01_si609
M01_si611
M01_si613
M01_si616
M01_si617
M01_si618
M01_si619
M01_si620
M01_si621
M01_si622
M01_si624
M01_si625
M01_si626
M01_si627
M01_si628
M01_si629
M01_si630
M01_si631
M01_si632
M01_si633
M01_si635
M01_si636
M01_si637
M01_si638
M01_si640
M01_si641
M01_sx10
M01_sx11
M01_sx12
M01_sx13
M01_sx14
M01_sx15
M01_sx16
M01_sx17
M01_sx18
M01_sx19
M01_sx20
M01_sx21
M01_sx22
M01_sx23
M01_sx24
M01_sx25
M01_sx26
M01_sx27
M01_sx28
M01_sx29
M01_sx3
M01_sx30
M01_sx32
M01_sx33
M01_sx34
M01_sx35
M01_sx36
M01_sx37
M01_sx38
M01_sx39
M01_sx4
M01_sx40
M01_sx41
M01_sx42
M01_sx43
M01_sx44
M01_sx45
M01_sx46
M01_sx47
M01_sx5
M01_sx6
M01_sx7
M01_sx8
M01_sx9
M02_sa1
M02_sa2
M02_si645
M02_si646
M02_si647
M02_si648
M02_si650
M02_si651
M02_si652
M02_si653
M02_si655
M02_si657
M02_si658
M02_si659
M02_si660
M02_si661
M02_si662
M02_si663
M02_si664
M02_si666
M02_si670
M02_si671
M02_si672
M02_si683
M02_si684
M02_si685
M02_si686
M02_si687
M02_si688
M02_si689
M02_si690
M02_si691
M02_si692
M02_si693
M02_si694
M02_si695
M02_si696
M02_si697
M02_si698
M02_si699
M02_si700
M02_si701
M02_si702
M02_si703
M02_si704
M02_si706
M02_si707
M02_si708
M02_si709
M02_si710
M02_si711
M02_si712
M02_si713
M02_si714
M02_si715
M02_si716
M02_si717
M02_si718
M02_si719
M02_si720
M02_si721
M02_si722
M02_si723
M02_si724
M02_si725
M02_si727
M02_si728
M02_si729
M02_si730
M02_si731
M02_si733
M02_si735
M02_si736
M02_si737
M02_si738
M02_si739
M02_si740
M02_si741
M02_si742
M02_si743
M02_si744
M02_si745
M02_si746
M02_si747
M02_si748
M02_si749
M02_si750
M02_si756
M02_si760
M02_si761
M02_si762
M02_si763
M02_si764
M02_si765
M02_si781
M02_si782
M02_si783
M02_si784
M02_si785
M02_si786
M02_si787
M02_si788
M02_si807
M02_si808
M02_si809
M02_si810
M02_si811
M02_si813
M02_si814
M02_si815
M02_si816
M02_si817
M02_si818
M02_si819
M02_si820
M02_si821
M02_si822
M02_si823
M02_si824
M02_si825
M02_si826
M02_si827
M02_si828
M02_si829
M02_si830
M02_sx48
M02_sx49
M02_sx50
M02_sx51
M02_sx52
M02_sx53
M02_sx54
M02_sx55
M02_sx56
M02_sx57
M02_sx58
M02_sx59
M02_sx61
M02_sx62
M02_sx63
M02_sx64
M02_sx65
M02_sx66
M02_sx67
M02_sx68
M02_sx69
M02_sx70
M02_sx71
M02_sx72
M02_sx73
M02_sx74
M02_sx75
M02_sx76
M02_sx77
M02_sx78
M02_sx79
M02_sx80
M02_sx81
M02_sx82
M02_sx83
M02_sx84
M02_sx85
M02_sx86
M02_sx87
M02_sx89
M03_sa2
M03_si1000
M03_si1001
M03_si1002
M03_si1004
M03_si1005
M03_si1006
M03_si1007
M03_si1008
M03_si1009
M03_si1010
M03_si1011
M03_si1012
M03_si1014
M03_si1015
M03_si1016
M03_si1017
M03_si1018
M03_si832
M03_si833
M03_si836
M03_si838
M03_si842
M03_si843
M03_si844
M03_si848
M03_si849
M03_si850
M03_si851
M03_si853
M03_si854
M03_si855
M03_si856
M03_si857
M03_si859
M03_si860
M03_si862
M03_si863
M03_si864
M03_si866
M03_si869
M03_si870
M03_si872
M03_si873
M03_si874
M03_si876
M03_si877
M03_si878
M03_si880
M03_si881
M03_si882
M03_si884
M03_si885
M03_si887
M03_si888
M03_si889
M03_si891
M03_si893
M03_si894
M03_si895
M03_si896
M03_si899
M03_si900
M03_si901
M03_si904
M03_si905
M03_si906
M03_si907
M03_si908
M03_si909
M03_si911
M03_si912
M03_si913
M03_si914
M03_si915
M03_si916
M03_si917
M03_si918
M03_si919
M03_si920
M03_si921
M03_si922
M03_si923
M03_si924
M03_si925
M03_si926
M03_si927
M03_si928
M03_si929
M03_si930
M03_si931
M03_si932
M03_si933
M03_si934
M03_si935
M03_si938
M03_si940
M03_si941
M03_si942
M03_si943
M03_si944
M03_si945
M03_si946
M03_si947
M03_si948
M03_si950
M03_si951
M03_si952
M03_si953
M03_si954
M03_si955
M03_si958
M03_si959
M03_si960
M03_si961
M03_si965
M03_si966
M03_si967
M03_si968
M03_si969
M03_si971
M03_si972
M03_si973
M03_si974
M03_si976
M03_si977
M03_si978
M03_si980
M03_si981
M03_si982
M03_si983
M03_si984
M03_si985
M03_si987
M03_si988
M03_si991
M03_si993
M03_si994
M03_si995
M03_si996
M03_si997
M03_si998
M03_si999
M03_sx100
M03_sx102
M03_sx103
M03_sx104
M03_sx107
M03_sx108
M03_sx109
M03_sx111
M03_sx112
M03_sx113
M03_sx116
M03_sx117
M03_sx119
M03_sx124
M03_sx125
M03_sx126
M03_sx127
M03_sx129
M03_sx130
M03_sx132
M03_sx133
M03_sx134
M03_sx135
M03_sx136
M03_sx94
M03_sx96
M03_sx97
M03_sx98
M04_sa1
M04_sa2
M04_si1020
M04_si1021
M04_si1022
M04_si1023
M04_si1024
M04_si1025
M04_si1026
M04_si1027
M04_si1028
M04_si1029
M04_si1030
M04_si1031
M04_si1032
M04_si1033
M04_si1034
M04_si1035
M04_si1036
M04_si1037
M04_si1038
M04_si1041
M04_si1042
M04_si1043
M04_si1044
M04_si1045
M04_si1046
M04_si1047
M04_si1049
M04_si1051
M04_si1052
M04_si1053
M04_si1054
M04_si1055
M04_si1056
M04_si1057
M04_si1058
M04_si1059
M04_si1060
M04_si1061
M04_si1065
M04_si1066
M04_si1067
M04_si1068
M04_si1070
M04_si1071
M04_si1072
M04_si1073
M04_si1074
M04_si1075
M04_si1076
M04_si1077
M04_si1078
M04_si1079
M04_si1080
M04_si1081
M04_si1082
M04_si1083
M04_si1084
M04_si1085
M04_si1086
M04_si1087
M04_si1088
M04_si1089
M04_si1090
M04_si1091
M04_si1092
M04_si1093
M04_si1094
M04_si1095
M04_si1096
M04_si1097
M04_si1098
M04_si1099
M04_si1100
M04_si1101
M04_si1102
M04_si1103
M04_si1104
M04_si1105
M04_si1106
M04_si1107
M04_si1108
M04_si1109
M04_si1110
M04_si1111
M04_si1112
M04_si1113
M04_si1114
M04_si1115
M04_si1116
M04_si1117
M04_si1118
M04_si1119
M04_si1120
M04_si1121
M04_si1122
M04_si1123
M04_si1124
M04_si1125
M04_si1126
M04_si1127
M04_si1128
M04_si1129
M04_si1130
M04_si1131
M04_si1132
M04_si1133
M04_si1134
M04_si1135
M04_si1136
M04_si1137
M04_si1138
M04_si1139
M04_si1140
M04_si1142
M04_si1143
M04_si1144
M04_si1145
M04_si1146
M04_si1147
M04_si1148
M04_si1149
M04_si1150
M04_si1151
M04_si1152
M04_si1153
M04_si1154
M04_si1155
M04_si1156
M04_si1157
M04_si1158
M04_si1159
M04_si1160
M04_si1161
M04_si1162
M04_si1163
M04_si1164
M04_si1165
M04_si1166
M04_si1167
M04_si1168
M04_si1169
M04_si1170
M04_si1171
M04_si1172
M04_si1173
M04_si1174
M04_si1175
M04_si1176
M04_si1177
M04_si1178
M04_si1179
M04_si1180
M04_si1181
M04_si1182
M04_si1183
M04_si1184
M04_si1185
M04_si1186
M04_si1187
M04_si1188
M04_si1189
M04_si1190
M04_si1191
M04_si1192
M04_si1193
M04_si1194
M04_si1195
M04_si1196
M04_si1197
M04_si1198
M04_si1199
M04_si1200
M04_si1202
M04_si1203
M04_si1204
M04_si1205
M04_si1206
M04_si1207
M04_si1208
M04_sx138
M04_sx139
M04_sx140
M04_sx141
M04_sx142
M04_sx143
M04_sx144
M04_sx145
M04_sx146
M04_sx147
M04_sx148
M04_sx149
M04_sx150
M04_sx151
M04_sx152
M04_sx153
M04_sx154
M04_sx155
M04_sx157
M04_sx158
M04_sx159
M04_sx161
M04_sx162
M04_sx163
M04_sx164
M04_sx165
M04_sx166
M04_sx167
M04_sx168
M04_sx169
M04_sx170
M04_sx171
M04_sx172
M04_sx173
M04_sx174
M04_sx175
M04_sx176
M04_sx177
M04_sx178
M04_sx179
M04_sx180
M04_sx181
M04_sx182
M05_sa1
M05_sa2
M05_si1209
M05_si1211
M05_si1212
M05_si1213
M05_si1214
M05_si1215
M05_si1216
M05_si1217
M05_si1218
M05_si1219
M05_si1220
M05_si1222
M05_si1223
M05_si1224
M05_si1225
M05_si1226
M05_si1227
M05_si1228
M05_si1229
M05_si1230
M05_si1231
M05_si1232
M05_si1233
M05_si1234
M05_si1235
M05_si1236
M05_si1237
M05_si1238
M05_si1239
M05_si1240
M05_si1242
M05_si1243
M05_si1244
M05_si1245
M05_si1246
M05_si1247
M05_si1248
M05_si1249
M05_si1250
M05_si1251
M05_si1253
M05_si1254
M05_si1256
M05_si1257
M05_si1258
M05_si1259
M05_si1260
M05_si1261
M05_si1262
M05_si1263
M05_si1264
M05_si1265
M05_si1266
M05_si1267
M05_si1268
M05_si1269
M05_si1270
M05_si1271
M05_si1272
M05_si1273
M05_si1274
M05_si1275
M05_si1276
M05_si1277
M05_si1278
M05_si1279
M05_si1280
M05_si1281
M05_si1282
M05_si1284
M05_si1285
M05_si1286
M05_si1287
M05_si1288
M05_si1289
M05_si1290
M05_si1291
M05_si1292
M05_si1293
M05_si1294
M05_si1295
M05_si1297
M05_si1298
M05_si1299
M05_si1301
M05_si1302
M05_si1303
M05_si1304
M05_si1305
M05_si1306
M05_si1307
M05_si1308
M05_si1309
M05_si1310
M05_si1311
M05_si1312
M05_si1313
M05_si1314
M05_si1315
M05_si1316
M05_si1317
M05_si1318
M05_si1319
M05_si1320
M05_si1321
M05_si1322
M05_si1323
M05_si1324
M05_si1325
M05_si1326
M05_si1327
M05_si1328
M05_si1329
M05_si1330
M05_si1331
M05_si1332
M05_si1333
M05_si1334
M05_si1335
M05_si1336
M05_si1337
M05_si1338
M05_si1339
M05_si1340
M05_si1341
M05_si1342
M05_si1343
M05_si1344
M05_si1345
M05_si1346
M05_si1347
M05_si1348
M05_si1349
M05_si1351
M05_si1352
M05_si1353
M05_si1354
M05_si1355
M05_si1356
M05_si1357
M05_si1358
M05_si1360
M05_si1361
M05_si1362
M05_si1363
M05_si1364
M05_si1365
M05_si1366
M05_si1368
M05_si1369
M05_si1370
M05_si1371
M05_si1372
M05_si1373
M05_si1374
M05_si1376
M05_si1377
M05_si1378
M05_si1379
M05_si1380
M05_si1381
M05_si1382
M05_si1383
M05_si1384
M05_si1385
M05_si1386
M05_si1387
M05_si1388
M05_si1389
M05_si1390
M05_si1391
M05_si1392
M05_si1393
M05_si1394
M05_si1396
M05_si1397
M05_sx183
M05_sx184
M05_sx185
M05_sx186
M05_sx187
M05_sx188
M05_sx189
M05_sx190
M05_sx191
M05_sx192
M05_sx193
M05_sx194
M05_sx195
M05_sx196
M05_sx197
M05_sx198
M05_sx199
M05_sx200
M05_sx201
M05_sx202
M05_sx203
M05_sx204
M05_sx205
M05_sx206
M05_sx207
M05_sx208
M05_sx209
M05_sx210
M05_sx211
M05_sx212
M05_sx213
M05_sx214
M05_sx215
M05_sx216
M05_sx217
M05_sx218
M05_sx219
M05_sx220
M05_sx221
M05_sx222
M05_sx223
M05_sx224
M05_sx225
M05_sx226
M05_sx227
M06_sa1
M06_si1398
M06_si1399
M06_si1400
M06_si1401
M06_si1402
M06_si1403
M06_si1405
M06_si1406
M06_si1407
M06_si1409
M06_si1410
M06_si1411
M06_si1412
M06_si1413
M06_si1414
M06_si1415
M06_si1416
M06_si1417
M06_si1419
M06_si1420
M06_si1422
M06_si1425
M06_si1427
M06_si1428
M06_si1431
M06_si1433
M06_si1434
M06_si1437
M06_si1440
M06_si1441
M06_si1442
M06_si1446
M06_si1447
M06_si1449
M06_si1451
M06_si1454
M06_si1456
M06_si1458
M06_si1459
M06_si1461
M06_si1464
M06_si1465
M06_si1467
M06_si1468
M06_si1469
M06_si1473
M06_si1474
M06_si1476
M06_si1477
M06_si1478
M06_si1481
M06_si1483
M06_si1488
M06_si1489
M06_si1490
M06_si1491
M06_si1492
M06_si1493
M06_si1494
M06_si1495
M06_si1496
M06_si1499
M06_si1500
M06_si1501
M06_si1502
M06_si1503
M06_si1504
M06_si1506
M06_si1509
M06_si1510
M06_si1511
M06_si1513
M06_si1514
M06_si1515
M06_si1516
M06_si1518
M06_si1519
M06_si1520
M06_si1522
M06_si1523
M06_si1524
M06_si1525
M06_si1526
M06_si1527
M06_si1528
M06_si1529
M06_si1530
M06_si1531
M06_si1532
M06_si1533
M06_si1534
M06_si1535
M06_si1536
M06_si1537
M06_si1539
M06_si1543
M06_si1544
M06_si1545
M06_si1546
M06_si1547
M06_si1548
M06_si1549
M06_si1550
M06_si1551
M06_si1554
M06_si1555
M06_si1556
M06_si1557
M06_si1559
M06_si1560
M06_si1561
M06_si1562
M06_si1565
M06_si1566
M06_si1567
M06_si1568
M06_si1569
M06_si1570
M06_si1573
M06_si1574
M06_si1575
M06_si1578
M06_si1579
M06_si1580
M06_si1582
M06_si1583
M06_si1585
M06_si1586
M06_sx228
M06_sx229
M06_sx230
M06_sx231
M06_sx232
M06_sx233
M06_sx234
M06_sx235
M06_sx236
M06_sx237
M06_sx238
M06_sx239
M06_sx240
M06_sx242
M06_sx243
M06_sx244
M06_sx245
M06_sx246
M06_sx247
M06_sx248
M06_sx249
M06_sx250
M06_sx252
M06_sx253
M06_sx254
M06_sx255
M06_sx256
M06_sx257
M06_sx258
M06_sx259
M06_sx261
M06_sx263
M06_sx264
M06_sx265
M06_sx266
M06_sx267
M06_sx268
M06_sx270
M06_sx271
M06_sx272
M07_si1593
M07_si1594
M07_si1600
M07_si1601
M07_si1604
M07_si1614
M07_si1615
M07_si1617
M07_si1619
M07_si1620
M07_si1623
M07_si1624
M07_si1625
M07_si1626
M07_si1627
M07_si1629
M07_si1632
M07_si1633
M07_si1634
M07_si1635
M07_si1636
M07_si1637
M07_si1639
M07_si1640
M07_si1642
M07_si1643
M07_si1644
M07_si1645
M07_si1646
M07_si1647
M07_si1649
M07_si1650
M07_si1652
M07_si1653
M07_si1655
M07_si1658
M07_si1660
M07_si1661
M07_si1662
M07_si1663
M07_si1664
M07_si1665
M07_si1666
M07_si1667
M07_si1668
M07_si1669
M07_si1670
M07_si1671
M07_si1673
M07_si1675
M07_si1678
M07_si1679
M07_si1680
M07_si1681
M07_si1682
M07_si1683
M07_si1684
M07_si1685
M07_si1686
M07_si1687
M07_si1688
M07_si1689
M07_si1690
M07_si1693
M07_si1695
M07_si1696
M07_si1697
M07_si1698
M07_si1699
M07_si1700
M07_si1701
M07_si1702
M07_si1703
M07_si1705
M07_si1706
M07_si1707
M07_si1708
M07_si1709
M07_si1710
M07_si1711
M07_si1712
M07_si1713
M07_si1714
M07_si1715
M07_si1716
M07_si1717
M07_si1718
M07_si1719
M07_si1720
M07_si1721
M07_si1722
M07_si1723
M07_si1724
M07_si1725
M07_si1726
M07_si1727
M07_si1728
M07_si1729
M07_si1730
M07_si1731
M07_si1732
M07_si1734
M07_si1735
M07_si1736
M07_si1737
M07_si1739
M07_si1740
M07_si1741
M07_si1742
M07_si1744
M07_si1745
M07_si1746
M07_si1747
M07_si1748
M07_si1749
M07_si1750
M07_si1751
M07_si1752
M07_si1754
M07_si1755
M07_si1756
M07_si1758
M07_si1759
M07_si1761
M07_si1763
M07_si1764
M07_si1765
M07_si1766
M07_si1767
M07_si1768
M07_si1769
M07_si1770
M07_si1772
M07_si1773
M07_si1774
M07_si1775
M07_sx277
M07_sx280
M07_sx281
M07_sx284
M07_sx286
M07_sx287
M07_sx298
M07_sx301
M07_sx315
M08_sa1
M08_sa2
M08_si1776
M08_si1777
M08_si1778
M08_si1780
M08_si1781
M08_si1782
M08_si1783
M08_si1784
M08_si1785
M08_si1786
M08_si1787
M08_si1788
M08_si1789
M08_si1790
M08_si1792
M08_si1794
M08_si1795
M08_si1796
M08_si1797
M08_si1798
M08_si1799
M08_si1800
M08_si1804
M08_si1805
M08_si1806
M08_si1808
M08_si1809
M08_si1810
M08_si1811
M08_si1812
M08_si1814
M08_si1816
M08_si1817
M08_si1819
M08_si1820
M08_si1821
M08_si1822
M08_si1823
M08_si1824
M08_si1825
M08_si1826
M08_si1827
M08_si1831
M08_si1832
M08_si1833
M08_si1834
M08_si1835
M08_si1836
M08_si1837
M08_si1839
M08_si1841
M08_si1842
M08_si1844
M08_si1846
M08_si1847
M08_si1848
M08_si1849
M08_si1850
M08_si1851
M08_si1852
M08_si1853
M08_si1854
M08_si1855
M08_si1857
M08_si1859
M08_si1860
M08_si1861
M08_si1862
M08_si1864
M08_si1865
M08_si1867
M08_si1868
M08_si1869
M08_si1870
M08_si1871
M08_si1872
M08_si1873
M08_si1874
M08_si1876
M08_si1878
M08_si1879
M08_si1880
M08_si1881
M08_si1882
M08_si1884
M08_si1885
M08_si1886
M08_si1887
M08_si1888
M08_si1889
M08_si1892
M08_si1893
M08_si1894
M08_si1895
M08_si1896
M08_si1897
M08_si1899
M08_si1900
M08_si1901
M08_si1902
M08_si1903
M08_si1904
M08_si1905
M08_si1906
M08_si1907
M08_si1908
M08_si1910
M08_si1911
M08_si1912
M08_si1914
M08_si1915
M08_si1916
M08_si1917
M08_si1918
M08_si1919
M08_si1920
M08_si1921
M08_si1922
M08_si1924
M08_si1925
M08_si1926
M08_si1927
M08_si1929
M08_si1930
M08_si1931
M08_si1932
M08_si1933
M08_si1934
M08_si1935
M08_si1936
M08_si1937
M08_si1939
M08_si1940
M08_si1941
M08_si1942
M08_si1943
M08_si1944
M08_si1946
M08_si1948
M08_si1949
M08_si1950
M08_si1951
M08_si1953
M08_si1954
M08_si1955
M08_si1957
M08_si1960
M08_si1962
M08_si1963
M08_sx318
M08_sx319
M08_sx320
M08_sx321
M08_sx322
M08_sx325
M08_sx326
M08_sx327
M08_sx328
M08_sx329
M08_sx330
M08_sx331
M08_sx332
M08_sx333
M08_sx334
M08_sx337
M08_sx338
M08_sx339
M08_sx340
M08_sx341
M08_sx342
M08_sx343
M08_sx344
M08_sx345
M08_sx346
M08_sx350
M08_sx353
M08_sx355
M08_sx356
M08_sx357
M08_sx358
M08_sx359
M08_sx360
M08_sx361
M08_sx362
M09_sa1
M09_sa2
M09_si1965
M09_si1966
M09_si1967
M09_si1968
M09_si1969
M09_si1970
M09_si1971
M09_si1972
M09_si1973
M09_si1975
M09_si1976
M09_si1977
M09_si1978
M09_si1979
M09_si1980
M09_si1983
M09_si1984
M09_si1985
M09_si1986
M09_si1988
M09_si1991
M09_si1992
M09_si1993
M09_si1995
M09_si1996
M09_si1997
M09_si1998
M09_si1999
M09_si2000
M09_si2002
M09_si2003
M09_si2005
M09_si2006
M09_si2007
M09_si2008
M09_si2010
M09_si2011
M09_si2012
M09_si2013
M09_si2015
M09_si2016
M09_si2017
M09_si2018
M09_si2019
M09_si2020
M09_si2021
M09_si2022
M09_si2023
M09_si2024
M09_si2025
M09_si2026
M09_si2027
M09_si2029
M09_si2030
M09_si2031
M09_si2034
M09_si2037
M09_si2038
M09_si2040
M09_si2042
M09_si2043
M09_si2044
M09_si2046
M09_si2047
M09_si2049
M09_si2050
M09_si2051
M09_si2052
M09_si2053
M09_si2054
M09_si2055
M09_si2056
M09_si2057
M09_si2058
M09_si2059
M09_si2060
M09_si2061
M09_si2063
M09_si2064
M09_si2065
M09_si2067
M09_si2068
M09_si2069
M09_si2071
M09_si2074
M09_si2076
M09_si2077
M09_si2078
M09_si2079
M09_si2080
M09_si2081
M09_si2082
M09_si2083
M09_si2084
M09_si2085
M09_si2087
M09_si2091
M09_si2092
M09_si2094
M09_si2095
M09_si2097
M09_si2100
M09_si2104
M09_si2105
M09_si2106
M09_si2107
M09_si2108
M09_si2109
M09_si2110
M09_si2111
M09_si2112
M09_si2113
M09_si2114
M09_si2115
M09_si2116
M09_si2117
M09_si2119
M09_si2120
M09_si2121
M09_si2122
M09_si2123
M09_si2124
M09_si2125
M09_si2126
M09_si2127
M09_si2128
M09_si2129
M09_si2130
M09_si2131
M09_si2132
M09_si2133
M09_si2134
M09_si2136
M09_si2137
M09_si2138
M09_si2140
M09_si2141
M09_si2142
M09_si2145
M09_si2146
M09_si2147
M09_si2149
M09_si2152
M09_si2153
M09_sx363
M09_sx365
M09_sx366
M09_sx367
M09_sx368
M09_sx369
M09_sx370
M09_sx371
M09_sx372
M09_sx373
M09_sx374
M09_sx375
M09_sx376
M09_sx377
M09_sx378
M09_sx379
M09_sx380
M09_sx381
M09_sx382
M09_sx384
M09_sx385
M09_sx387
M09_sx388
M09_sx389
M09_sx390
M09_sx391
M09_sx392
M09_sx393
M09_sx394
M09_sx395
M09_sx396
M09_sx397
M09_sx398
M09_sx399
M09_sx402
M09_sx403
M09_sx405
M09_sx406
M09_sx407
M10_sa1
M10_sa2
M10_si2154
M10_si2155
M10_si2156
M10_si2157
M10_si2158
M10_si2159
M10_si2160
M10_si2161
M10_si2162
M10_si2163
M10_si2164
M10_si2165
M10_si2166
M10_si2167
M10_si2168
M10_si2169
M10_si2170
M10_si2171
M10_si2172
M10_si2173
M10_si2174
M10_si2175
M10_si2176
M10_si2177
M10_si2178
M10_si2179
M10_si2180
M10_si2181
M10_si2182
M10_si2183
M10_si2184
M10_si2185
M10_si2186
M10_si2187
M10_si2188
M10_si2189
M10_si2190
M10_si2191
M10_si2192
M10_si2193
M10_si2194
M10_si2195
M10_si2197
M10_si2198
M10_si2199
M10_si2200
M10_si2201
M10_si2202
M10_si2203
M10_si2204
M10_si2205
M10_si2206
M10_si2207
M10_si2208
M10_si2209
M10_si2210
M10_si2211
M10_si2212
M10_si2213
M10_si2214
M10_si2215
M10_si2216
M10_si2217
M10_si2218
M10_si2219
M10_si2220
M10_si2221
M10_si2222
M10_si2223
M10_si2224
M10_si2225
M10_si2226
M10_si2227
M10_si2228
M10_si2229
M10_si2230
M10_si2231
M10_si2232
M10_si2233
M10_si2234
M10_si2235
M10_si2236
M10_si2237
M10_si2238
M10_si2239
M10_si2240
M10_si2241
M10_si2242
M10_si2243
M10_si2244
M10_si2245
M10_si2246
M10_si2247
M10_si2248
M10_si2249
M10_si2250
M10_si2251
M10_si2252
M10_si2253
M10_si2254
M10_si2255
M10_si2256
M10_si2257
M10_si2258
M10_si2259
M10_si2260
M10_si2261
M10_si2262
M10_si2263
M10_si2264
M10_si2265
M10_si2266
M10_si2267
M10_si2268
M10_si2269
M10_si2270
M10_si2271
M10_si2272
M10_si2273
M10_si2274
M10_si2275
M10_si2276
M10_si2277
M10_si2278
M10_si2279
M10_si2280
M10_si2281
M10_si2282
M10_si2283
M10_si2284
M10_si2285
M10_si2286
M10_si2287
M10_si2288
M10_si2289
M10_si2290
M10_si2291
M10_si2292
M10_si2293
M10_si2294
M10_si2295
M10_si2296
M10_si2297
M10_si2298
M10_si2299
M10_si2300
M10_si2301
M10_si2302
M10_si2303
M10_si2304
M10_si2305
M10_si2306
M10_si2307
M10_si2308
M10_si2309
M10_si2310
M10_si2311
M10_si2312
M10_si2313
M10_si2314
M10_si2315
M10_si2316
M10_si2317
M10_si2318
M10_si2319
M10_si2320
M10_si2321
M10_si2322
M10_si2323
M10_si2324
M10_si2325
M10_si2326
M10_si2327
M10_si2328
M10_si2329
M10_si2330
M10_si2331
M10_si2332
M10_si2333
M10_si2334
M10_si2335
M10_si2336
M10_si2337
M10_si2338
M10_si2339
M10_si2340
M10_si2341
M10_si2342
M10_sx408
M10_sx409
M10_sx410
M10_sx411
M10_sx412
M10_sx413
M10_sx414
M10_sx415
M10_sx416
M10_sx417
M10_sx418
M10_sx419
M10_sx420
M10_sx421
M10_sx422
M10_sx423
M10_sx424
M10_sx425
M10_sx426
M10_sx427
M10_sx428
M10_sx429
M10_sx430
M10_sx431
M10_sx432
M10_sx433
M10_sx434
M10_sx435
M10_sx436
M10_sx437
M10_sx438
M10_sx439
M10_sx440
M10_sx441
M10_sx442
M10_sx443
M10_sx444
M10_sx445
M10_sx446
M10_sx447
M10_sx448
M10_sx449
M10_sx450
M10_sx451
M10_sx452
